{"level":30,"time":1714829416015,"pid":1442,"hostname":"fef35de8-678f-4122-a1ca-d77acb78664c","msg":"Validating config file and environment variables"}
{"level":30,"time":1714829416033,"pid":1442,"hostname":"fef35de8-678f-4122-a1ca-d77acb78664c","msg":"Loading commands..."}
{"level":20,"time":1714829416050,"pid":1442,"hostname":"fef35de8-678f-4122-a1ca-d77acb78664c","msg":"Skipping command announce. Disabled!"}
{"level":20,"time":1714829416068,"pid":1442,"hostname":"fef35de8-678f-4122-a1ca-d77acb78664c","msg":"Skipping command saying. Disabled!"}
{"level":20,"time":1714829416071,"pid":1442,"hostname":"fef35de8-678f-4122-a1ca-d77acb78664c","msg":"Skipping Command bank. Category ECONOMY is disabled"}
{"level":20,"time":1714829416071,"pid":1442,"hostname":"fef35de8-678f-4122-a1ca-d77acb78664c","msg":"Skipping Command beg. Category ECONOMY is disabled"}
{"level":20,"time":1714829416071,"pid":1442,"hostname":"fef35de8-678f-4122-a1ca-d77acb78664c","msg":"Skipping Command daily. Category ECONOMY is disabled"}
{"level":20,"time":1714829416072,"pid":1442,"hostname":"fef35de8-678f-4122-a1ca-d77acb78664c","msg":"Skipping Command gamble. Category ECONOMY is disabled"}
{"level":20,"time":1714829416073,"pid":1442,"hostname":"fef35de8-678f-4122-a1ca-d77acb78664c","msg":"Skipping command say. Disabled!"}
{"level":20,"time":1714829416209,"pid":1442,"hostname":"fef35de8-678f-4122-a1ca-d77acb78664c","msg":"Skipping slash command avatar. Disabled!"}
{"level":20,"time":1714829416209,"pid":1442,"hostname":"fef35de8-678f-4122-a1ca-d77acb78664c","msg":"Skipping slash command botinvite. Disabled!"}
{"level":20,"time":1714829416210,"pid":1442,"hostname":"fef35de8-678f-4122-a1ca-d77acb78664c","msg":"Skipping slash command botstats. Disabled!"}
{"level":20,"time":1714829416211,"pid":1442,"hostname":"fef35de8-678f-4122-a1ca-d77acb78664c","msg":"Skipping slash command channelinfo. Disabled!"}
{"level":20,"time":1714829416211,"pid":1442,"hostname":"fef35de8-678f-4122-a1ca-d77acb78664c","msg":"Skipping slash command emojiinfo. Disabled!"}
{"level":20,"time":1714829416226,"pid":1442,"hostname":"fef35de8-678f-4122-a1ca-d77acb78664c","msg":"Skipping slash command guildinfo. Disabled!"}
{"level":20,"time":1714829416226,"pid":1442,"hostname":"fef35de8-678f-4122-a1ca-d77acb78664c","msg":"Skipping slash command uptime. Disabled!"}
{"level":20,"time":1714829416227,"pid":1442,"hostname":"fef35de8-678f-4122-a1ca-d77acb78664c","msg":"Skipping slash command userinfo. Disabled!"}
{"level":20,"time":1714829416227,"pid":1442,"hostname":"fef35de8-678f-4122-a1ca-d77acb78664c","msg":"Skipping command bot. Disabled!"}
{"level":20,"time":1714829416228,"pid":1442,"hostname":"fef35de8-678f-4122-a1ca-d77acb78664c","msg":"Skipping command info. Disabled!"}
{"level":20,"time":1714829416231,"pid":1442,"hostname":"fef35de8-678f-4122-a1ca-d77acb78664c","msg":"Skipping slash command deafen. Disabled!"}
{"level":20,"time":1714829416232,"pid":1442,"hostname":"fef35de8-678f-4122-a1ca-d77acb78664c","msg":"Skipping slash command disconnect. Disabled!"}
{"level":20,"time":1714829416232,"pid":1442,"hostname":"fef35de8-678f-4122-a1ca-d77acb78664c","msg":"Skipping slash command move. Disabled!"}
{"level":20,"time":1714829416232,"pid":1442,"hostname":"fef35de8-678f-4122-a1ca-d77acb78664c","msg":"Skipping slash command purge. Disabled!"}
{"level":20,"time":1714829416233,"pid":1442,"hostname":"fef35de8-678f-4122-a1ca-d77acb78664c","msg":"Skipping slash command purgeattach. Disabled!"}
{"level":20,"time":1714829416233,"pid":1442,"hostname":"fef35de8-678f-4122-a1ca-d77acb78664c","msg":"Skipping slash command purgebots. Disabled!"}
{"level":20,"time":1714829416233,"pid":1442,"hostname":"fef35de8-678f-4122-a1ca-d77acb78664c","msg":"Skipping slash command purgelinks. Disabled!"}
{"level":20,"time":1714829416233,"pid":1442,"hostname":"fef35de8-678f-4122-a1ca-d77acb78664c","msg":"Skipping slash command purgetoken. Disabled!"}
{"level":20,"time":1714829416233,"pid":1442,"hostname":"fef35de8-678f-4122-a1ca-d77acb78664c","msg":"Skipping slash command purgeuser. Disabled!"}
{"level":20,"time":1714829416234,"pid":1442,"hostname":"fef35de8-678f-4122-a1ca-d77acb78664c","msg":"Skipping slash command undeafen. Disabled!"}
{"level":20,"time":1714829416234,"pid":1442,"hostname":"fef35de8-678f-4122-a1ca-d77acb78664c","msg":"Skipping slash command vmute. Disabled!"}
{"level":20,"time":1714829416234,"pid":1442,"hostname":"fef35de8-678f-4122-a1ca-d77acb78664c","msg":"Skipping slash command vunmute. Disabled!"}
{"level":20,"time":1714829416235,"pid":1442,"hostname":"fef35de8-678f-4122-a1ca-d77acb78664c","msg":"Skipping command purge. Disabled!"}
{"level":20,"time":1714829416235,"pid":1442,"hostname":"fef35de8-678f-4122-a1ca-d77acb78664c","msg":"Skipping command voice. Disabled!"}
{"level":20,"time":1714829416241,"pid":1442,"hostname":"fef35de8-678f-4122-a1ca-d77acb78664c","msg":"Skipping command announce-dev. Disabled!"}
{"level":20,"time":1714829416241,"pid":1442,"hostname":"fef35de8-678f-4122-a1ca-d77acb78664c","msg":"Skipping command embed-dev. Disabled!"}
{"level":20,"time":1714829416242,"pid":1442,"hostname":"fef35de8-678f-4122-a1ca-d77acb78664c","msg":"Skipping slash command eval. Disabled!"}
{"level":20,"time":1714829416242,"pid":1442,"hostname":"fef35de8-678f-4122-a1ca-d77acb78664c","msg":"Skipping slash command leaveserver. Disabled!"}
{"level":20,"time":1714829416242,"pid":1442,"hostname":"fef35de8-678f-4122-a1ca-d77acb78664c","msg":"Skipping slash command listservers. Disabled!"}
{"level":30,"time":1714829416252,"pid":1442,"hostname":"fef35de8-678f-4122-a1ca-d77acb78664c","msg":"Loaded 102 commands"}
{"level":30,"time":1714829416252,"pid":1442,"hostname":"fef35de8-678f-4122-a1ca-d77acb78664c","msg":"Loaded 88 slash commands"}
{"level":30,"time":1714829416253,"pid":1442,"hostname":"fef35de8-678f-4122-a1ca-d77acb78664c","msg":"Loading contexts..."}
{"level":30,"time":1714829416253,"pid":1442,"hostname":"fef35de8-678f-4122-a1ca-d77acb78664c","msg":"Loaded 1 USER contexts"}
{"level":30,"time":1714829416253,"pid":1442,"hostname":"fef35de8-678f-4122-a1ca-d77acb78664c","msg":"Loaded 0 MESSAGE contexts"}
{"level":30,"time":1714829416253,"pid":1442,"hostname":"fef35de8-678f-4122-a1ca-d77acb78664c","msg":"Loading events..."}
{"level":30,"time":1714829416274,"pid":1442,"hostname":"fef35de8-678f-4122-a1ca-d77acb78664c","msg":"Loaded 15 events. Success (15) Failed (0)"}
{"level":30,"time":1714829416541,"pid":1442,"hostname":"fef35de8-678f-4122-a1ca-d77acb78664c","msg":"VersionCheck: Your discord bot is up to date"}
{"level":30,"time":1714829416541,"pid":1442,"hostname":"fef35de8-678f-4122-a1ca-d77acb78664c","msg":"Connecting to MongoDb..."}
{"level":30,"time":1714829419069,"pid":1442,"hostname":"fef35de8-678f-4122-a1ca-d77acb78664c","msg":"Mongoose: Database connection established"}
{"level":30,"time":1714829425270,"pid":1442,"hostname":"fef35de8-678f-4122-a1ca-d77acb78664c","msg":"Logged in as ONHEIL#7192! (1222674847461543936)"}
{"level":20,"time":1714829425270,"pid":1442,"hostname":"fef35de8-678f-4122-a1ca-d77acb78664c","msg":"Node \"Local Node\" debug: connection: creating websocket..."}
{"level":30,"time":1714829425271,"pid":1442,"hostname":"fef35de8-678f-4122-a1ca-d77acb78664c","msg":"Music Manager initialized"}
{"level":30,"time":1714829425271,"pid":1442,"hostname":"fef35de8-678f-4122-a1ca-d77acb78664c","msg":"Initializing giveaways manager..."}
{"level":30,"time":1714829425543,"pid":1442,"hostname":"fef35de8-678f-4122-a1ca-d77acb78664c","msg":"Giveaway Manager initialized"}
{"level":50,"time":1714829425552,"pid":1442,"hostname":"fef35de8-678f-4122-a1ca-d77acb78664c","err":{"type":"Error","message":"Error: getaddrinfo EAI_AGAIN the-net.loves-genshin.lol","stack":"Error: Error: getaddrinfo EAI_AGAIN the-net.loves-genshin.lol\n    at Connection._onerror (/home/container/node_modules/lavaclient/dist/lib/node/Connection.js:145:33)\n    at callListener (/home/container/node_modules/ws/lib/event-target.js:290:14)\n    at WebSocket.onError (/home/container/node_modules/ws/lib/event-target.js:230:9)\n    at WebSocket.emit (node:events:517:28)\n    at emitErrorAndClose (/home/container/node_modules/ws/lib/websocket.js:1008:13)\n    at ClientRequest.<anonymous> (/home/container/node_modules/ws/lib/websocket.js:856:5)\n    at ClientRequest.emit (node:events:517:28)\n    at Socket.socketErrorListener (node:_http_client:501:9)\n    at Socket.emit (node:events:517:28)\n    at emitErrorNT (node:internal/streams/destroy:151:8)"},"msg":"Node \"Local Node\" encountered an error: Error: getaddrinfo EAI_AGAIN the-net.loves-genshin.lol.: Error: getaddrinfo EAI_AGAIN the-net.loves-genshin.lol"}
{"level":30,"time":1714829425554,"pid":1442,"hostname":"fef35de8-678f-4122-a1ca-d77acb78664c","msg":"Node \"Local Node\" disconnected"}
{"level":20,"time":1714829425554,"pid":1442,"hostname":"fef35de8-678f-4122-a1ca-d77acb78664c","msg":"Node \"Local Node\" debug: connection: unable to reconnect"}
{"level":30,"time":1714829425757,"pid":1442,"hostname":"fef35de8-678f-4122-a1ca-d77acb78664c","msg":"Successfully registered interactions"}
{"level":30,"time":1714829558663,"pid":1442,"hostname":"fef35de8-678f-4122-a1ca-d77acb78664c","msg":"Validating config file and environment variables"}
{"level":30,"time":1714829558684,"pid":1442,"hostname":"fef35de8-678f-4122-a1ca-d77acb78664c","msg":"Loading commands..."}
{"level":20,"time":1714829558687,"pid":1442,"hostname":"fef35de8-678f-4122-a1ca-d77acb78664c","msg":"Skipping command announce. Disabled!"}
{"level":20,"time":1714829558702,"pid":1442,"hostname":"fef35de8-678f-4122-a1ca-d77acb78664c","msg":"Skipping command saying. Disabled!"}
{"level":20,"time":1714829558705,"pid":1442,"hostname":"fef35de8-678f-4122-a1ca-d77acb78664c","msg":"Skipping Command bank. Category ECONOMY is disabled"}
{"level":20,"time":1714829558705,"pid":1442,"hostname":"fef35de8-678f-4122-a1ca-d77acb78664c","msg":"Skipping Command beg. Category ECONOMY is disabled"}
{"level":20,"time":1714829558705,"pid":1442,"hostname":"fef35de8-678f-4122-a1ca-d77acb78664c","msg":"Skipping Command daily. Category ECONOMY is disabled"}
{"level":20,"time":1714829558706,"pid":1442,"hostname":"fef35de8-678f-4122-a1ca-d77acb78664c","msg":"Skipping Command gamble. Category ECONOMY is disabled"}
{"level":20,"time":1714829558707,"pid":1442,"hostname":"fef35de8-678f-4122-a1ca-d77acb78664c","msg":"Skipping command say. Disabled!"}
{"level":20,"time":1714829558874,"pid":1442,"hostname":"fef35de8-678f-4122-a1ca-d77acb78664c","msg":"Skipping slash command avatar. Disabled!"}
{"level":20,"time":1714829558874,"pid":1442,"hostname":"fef35de8-678f-4122-a1ca-d77acb78664c","msg":"Skipping slash command botinvite. Disabled!"}
{"level":20,"time":1714829558874,"pid":1442,"hostname":"fef35de8-678f-4122-a1ca-d77acb78664c","msg":"Skipping slash command botstats. Disabled!"}
{"level":20,"time":1714829558875,"pid":1442,"hostname":"fef35de8-678f-4122-a1ca-d77acb78664c","msg":"Skipping slash command channelinfo. Disabled!"}
{"level":20,"time":1714829558875,"pid":1442,"hostname":"fef35de8-678f-4122-a1ca-d77acb78664c","msg":"Skipping slash command emojiinfo. Disabled!"}
{"level":20,"time":1714829558880,"pid":1442,"hostname":"fef35de8-678f-4122-a1ca-d77acb78664c","msg":"Skipping slash command guildinfo. Disabled!"}
{"level":20,"time":1714829558880,"pid":1442,"hostname":"fef35de8-678f-4122-a1ca-d77acb78664c","msg":"Skipping slash command uptime. Disabled!"}
{"level":20,"time":1714829558881,"pid":1442,"hostname":"fef35de8-678f-4122-a1ca-d77acb78664c","msg":"Skipping slash command userinfo. Disabled!"}
{"level":20,"time":1714829558881,"pid":1442,"hostname":"fef35de8-678f-4122-a1ca-d77acb78664c","msg":"Skipping command bot. Disabled!"}
{"level":20,"time":1714829558881,"pid":1442,"hostname":"fef35de8-678f-4122-a1ca-d77acb78664c","msg":"Skipping command info. Disabled!"}
{"level":20,"time":1714829558885,"pid":1442,"hostname":"fef35de8-678f-4122-a1ca-d77acb78664c","msg":"Skipping slash command deafen. Disabled!"}
{"level":20,"time":1714829558885,"pid":1442,"hostname":"fef35de8-678f-4122-a1ca-d77acb78664c","msg":"Skipping slash command disconnect. Disabled!"}
{"level":20,"time":1714829558885,"pid":1442,"hostname":"fef35de8-678f-4122-a1ca-d77acb78664c","msg":"Skipping slash command move. Disabled!"}
{"level":20,"time":1714829558886,"pid":1442,"hostname":"fef35de8-678f-4122-a1ca-d77acb78664c","msg":"Skipping slash command purge. Disabled!"}
{"level":20,"time":1714829558886,"pid":1442,"hostname":"fef35de8-678f-4122-a1ca-d77acb78664c","msg":"Skipping slash command purgeattach. Disabled!"}
{"level":20,"time":1714829558886,"pid":1442,"hostname":"fef35de8-678f-4122-a1ca-d77acb78664c","msg":"Skipping slash command purgebots. Disabled!"}
{"level":20,"time":1714829558886,"pid":1442,"hostname":"fef35de8-678f-4122-a1ca-d77acb78664c","msg":"Skipping slash command purgelinks. Disabled!"}
{"level":20,"time":1714829558887,"pid":1442,"hostname":"fef35de8-678f-4122-a1ca-d77acb78664c","msg":"Skipping slash command purgetoken. Disabled!"}
{"level":20,"time":1714829558887,"pid":1442,"hostname":"fef35de8-678f-4122-a1ca-d77acb78664c","msg":"Skipping slash command purgeuser. Disabled!"}
{"level":20,"time":1714829558887,"pid":1442,"hostname":"fef35de8-678f-4122-a1ca-d77acb78664c","msg":"Skipping slash command undeafen. Disabled!"}
{"level":20,"time":1714829558888,"pid":1442,"hostname":"fef35de8-678f-4122-a1ca-d77acb78664c","msg":"Skipping slash command vmute. Disabled!"}
{"level":20,"time":1714829558888,"pid":1442,"hostname":"fef35de8-678f-4122-a1ca-d77acb78664c","msg":"Skipping slash command vunmute. Disabled!"}
{"level":20,"time":1714829558889,"pid":1442,"hostname":"fef35de8-678f-4122-a1ca-d77acb78664c","msg":"Skipping command purge. Disabled!"}
{"level":20,"time":1714829558889,"pid":1442,"hostname":"fef35de8-678f-4122-a1ca-d77acb78664c","msg":"Skipping command voice. Disabled!"}
{"level":20,"time":1714829558895,"pid":1442,"hostname":"fef35de8-678f-4122-a1ca-d77acb78664c","msg":"Skipping command announce-dev. Disabled!"}
{"level":20,"time":1714829558895,"pid":1442,"hostname":"fef35de8-678f-4122-a1ca-d77acb78664c","msg":"Skipping command embed-dev. Disabled!"}
{"level":20,"time":1714829558895,"pid":1442,"hostname":"fef35de8-678f-4122-a1ca-d77acb78664c","msg":"Skipping slash command eval. Disabled!"}
{"level":20,"time":1714829558895,"pid":1442,"hostname":"fef35de8-678f-4122-a1ca-d77acb78664c","msg":"Skipping slash command leaveserver. Disabled!"}
{"level":20,"time":1714829558896,"pid":1442,"hostname":"fef35de8-678f-4122-a1ca-d77acb78664c","msg":"Skipping slash command listservers. Disabled!"}
{"level":30,"time":1714829558905,"pid":1442,"hostname":"fef35de8-678f-4122-a1ca-d77acb78664c","msg":"Loaded 102 commands"}
{"level":30,"time":1714829558905,"pid":1442,"hostname":"fef35de8-678f-4122-a1ca-d77acb78664c","msg":"Loaded 88 slash commands"}
{"level":30,"time":1714829558905,"pid":1442,"hostname":"fef35de8-678f-4122-a1ca-d77acb78664c","msg":"Loading contexts..."}
{"level":30,"time":1714829558906,"pid":1442,"hostname":"fef35de8-678f-4122-a1ca-d77acb78664c","msg":"Loaded 1 USER contexts"}
{"level":30,"time":1714829558906,"pid":1442,"hostname":"fef35de8-678f-4122-a1ca-d77acb78664c","msg":"Loaded 0 MESSAGE contexts"}
{"level":30,"time":1714829558906,"pid":1442,"hostname":"fef35de8-678f-4122-a1ca-d77acb78664c","msg":"Loading events..."}
{"level":30,"time":1714829558923,"pid":1442,"hostname":"fef35de8-678f-4122-a1ca-d77acb78664c","msg":"Loaded 15 events. Success (15) Failed (0)"}
{"level":30,"time":1714829559262,"pid":1442,"hostname":"fef35de8-678f-4122-a1ca-d77acb78664c","msg":"VersionCheck: Your discord bot is up to date"}
{"level":30,"time":1714829559262,"pid":1442,"hostname":"fef35de8-678f-4122-a1ca-d77acb78664c","msg":"Connecting to MongoDb..."}
{"level":30,"time":1714829561598,"pid":1442,"hostname":"fef35de8-678f-4122-a1ca-d77acb78664c","msg":"Mongoose: Database connection established"}
{"level":30,"time":1714829562322,"pid":1442,"hostname":"fef35de8-678f-4122-a1ca-d77acb78664c","msg":"Logged in as ONHEIL#7192! (1222674847461543936)"}
{"level":20,"time":1714829562323,"pid":1442,"hostname":"fef35de8-678f-4122-a1ca-d77acb78664c","msg":"Node \"Local Node\" debug: connection: creating websocket..."}
{"level":30,"time":1714829562324,"pid":1442,"hostname":"fef35de8-678f-4122-a1ca-d77acb78664c","msg":"Music Manager initialized"}
{"level":30,"time":1714829562324,"pid":1442,"hostname":"fef35de8-678f-4122-a1ca-d77acb78664c","msg":"Initializing giveaways manager..."}
{"level":50,"time":1714829562660,"pid":1442,"hostname":"fef35de8-678f-4122-a1ca-d77acb78664c","err":{"type":"Error","message":"Error: Unexpected server response: 502","stack":"Error: Error: Unexpected server response: 502\n    at Connection._onerror (/home/container/node_modules/lavaclient/dist/lib/node/Connection.js:145:33)\n    at callListener (/home/container/node_modules/ws/lib/event-target.js:290:14)\n    at WebSocket.onError (/home/container/node_modules/ws/lib/event-target.js:230:9)\n    at WebSocket.emit (node:events:517:28)\n    at emitErrorAndClose (/home/container/node_modules/ws/lib/websocket.js:1008:13)\n    at process.processTicksAndRejections (node:internal/process/task_queues:82:21)"},"msg":"Node \"Local Node\" encountered an error: Error: Unexpected server response: 502.: Error: Unexpected server response: 502"}
{"level":30,"time":1714829562663,"pid":1442,"hostname":"fef35de8-678f-4122-a1ca-d77acb78664c","msg":"Node \"Local Node\" disconnected"}
{"level":20,"time":1714829562663,"pid":1442,"hostname":"fef35de8-678f-4122-a1ca-d77acb78664c","msg":"Node \"Local Node\" debug: connection: unable to reconnect"}
{"level":30,"time":1714829562886,"pid":1442,"hostname":"fef35de8-678f-4122-a1ca-d77acb78664c","msg":"Successfully registered interactions"}
{"level":30,"time":1714829563323,"pid":1442,"hostname":"fef35de8-678f-4122-a1ca-d77acb78664c","msg":"Giveaway Manager initialized"}
{"level":30,"time":1714829988011,"pid":1441,"hostname":"fef35de8-678f-4122-a1ca-d77acb78664c","msg":"Validating config file and environment variables"}
{"level":30,"time":1714829988062,"pid":1441,"hostname":"fef35de8-678f-4122-a1ca-d77acb78664c","msg":"Loading commands..."}
{"level":20,"time":1714829988066,"pid":1441,"hostname":"fef35de8-678f-4122-a1ca-d77acb78664c","msg":"Skipping command announce. Disabled!"}
{"level":20,"time":1714829988083,"pid":1441,"hostname":"fef35de8-678f-4122-a1ca-d77acb78664c","msg":"Skipping command saying. Disabled!"}
{"level":20,"time":1714829988086,"pid":1441,"hostname":"fef35de8-678f-4122-a1ca-d77acb78664c","msg":"Skipping Command bank. Category ECONOMY is disabled"}
{"level":20,"time":1714829988086,"pid":1441,"hostname":"fef35de8-678f-4122-a1ca-d77acb78664c","msg":"Skipping Command beg. Category ECONOMY is disabled"}
{"level":20,"time":1714829988087,"pid":1441,"hostname":"fef35de8-678f-4122-a1ca-d77acb78664c","msg":"Skipping Command daily. Category ECONOMY is disabled"}
{"level":20,"time":1714829988087,"pid":1441,"hostname":"fef35de8-678f-4122-a1ca-d77acb78664c","msg":"Skipping Command gamble. Category ECONOMY is disabled"}
{"level":20,"time":1714829988088,"pid":1441,"hostname":"fef35de8-678f-4122-a1ca-d77acb78664c","msg":"Skipping command say. Disabled!"}
{"level":20,"time":1714829988218,"pid":1441,"hostname":"fef35de8-678f-4122-a1ca-d77acb78664c","msg":"Skipping slash command avatar. Disabled!"}
{"level":20,"time":1714829988218,"pid":1441,"hostname":"fef35de8-678f-4122-a1ca-d77acb78664c","msg":"Skipping slash command botinvite. Disabled!"}
{"level":20,"time":1714829988219,"pid":1441,"hostname":"fef35de8-678f-4122-a1ca-d77acb78664c","msg":"Skipping slash command botstats. Disabled!"}
{"level":20,"time":1714829988220,"pid":1441,"hostname":"fef35de8-678f-4122-a1ca-d77acb78664c","msg":"Skipping slash command channelinfo. Disabled!"}
{"level":20,"time":1714829988220,"pid":1441,"hostname":"fef35de8-678f-4122-a1ca-d77acb78664c","msg":"Skipping slash command emojiinfo. Disabled!"}
{"level":20,"time":1714829988226,"pid":1441,"hostname":"fef35de8-678f-4122-a1ca-d77acb78664c","msg":"Skipping slash command guildinfo. Disabled!"}
{"level":20,"time":1714829988226,"pid":1441,"hostname":"fef35de8-678f-4122-a1ca-d77acb78664c","msg":"Skipping slash command uptime. Disabled!"}
{"level":20,"time":1714829988227,"pid":1441,"hostname":"fef35de8-678f-4122-a1ca-d77acb78664c","msg":"Skipping slash command userinfo. Disabled!"}
{"level":20,"time":1714829988227,"pid":1441,"hostname":"fef35de8-678f-4122-a1ca-d77acb78664c","msg":"Skipping command bot. Disabled!"}
{"level":20,"time":1714829988228,"pid":1441,"hostname":"fef35de8-678f-4122-a1ca-d77acb78664c","msg":"Skipping command info. Disabled!"}
{"level":20,"time":1714829988232,"pid":1441,"hostname":"fef35de8-678f-4122-a1ca-d77acb78664c","msg":"Skipping slash command deafen. Disabled!"}
{"level":20,"time":1714829988232,"pid":1441,"hostname":"fef35de8-678f-4122-a1ca-d77acb78664c","msg":"Skipping slash command disconnect. Disabled!"}
{"level":20,"time":1714829988232,"pid":1441,"hostname":"fef35de8-678f-4122-a1ca-d77acb78664c","msg":"Skipping slash command move. Disabled!"}
{"level":20,"time":1714829988233,"pid":1441,"hostname":"fef35de8-678f-4122-a1ca-d77acb78664c","msg":"Skipping slash command purge. Disabled!"}
{"level":20,"time":1714829988233,"pid":1441,"hostname":"fef35de8-678f-4122-a1ca-d77acb78664c","msg":"Skipping slash command purgeattach. Disabled!"}
{"level":20,"time":1714829988233,"pid":1441,"hostname":"fef35de8-678f-4122-a1ca-d77acb78664c","msg":"Skipping slash command purgebots. Disabled!"}
{"level":20,"time":1714829988233,"pid":1441,"hostname":"fef35de8-678f-4122-a1ca-d77acb78664c","msg":"Skipping slash command purgelinks. Disabled!"}
{"level":20,"time":1714829988234,"pid":1441,"hostname":"fef35de8-678f-4122-a1ca-d77acb78664c","msg":"Skipping slash command purgetoken. Disabled!"}
{"level":20,"time":1714829988234,"pid":1441,"hostname":"fef35de8-678f-4122-a1ca-d77acb78664c","msg":"Skipping slash command purgeuser. Disabled!"}
{"level":20,"time":1714829988234,"pid":1441,"hostname":"fef35de8-678f-4122-a1ca-d77acb78664c","msg":"Skipping slash command undeafen. Disabled!"}
{"level":20,"time":1714829988235,"pid":1441,"hostname":"fef35de8-678f-4122-a1ca-d77acb78664c","msg":"Skipping slash command vmute. Disabled!"}
{"level":20,"time":1714829988235,"pid":1441,"hostname":"fef35de8-678f-4122-a1ca-d77acb78664c","msg":"Skipping slash command vunmute. Disabled!"}
{"level":20,"time":1714829988236,"pid":1441,"hostname":"fef35de8-678f-4122-a1ca-d77acb78664c","msg":"Skipping command purge. Disabled!"}
{"level":20,"time":1714829988236,"pid":1441,"hostname":"fef35de8-678f-4122-a1ca-d77acb78664c","msg":"Skipping command voice. Disabled!"}
{"level":20,"time":1714829988252,"pid":1441,"hostname":"fef35de8-678f-4122-a1ca-d77acb78664c","msg":"Skipping command announce-dev. Disabled!"}
{"level":20,"time":1714829988253,"pid":1441,"hostname":"fef35de8-678f-4122-a1ca-d77acb78664c","msg":"Skipping command embed-dev. Disabled!"}
{"level":20,"time":1714829988253,"pid":1441,"hostname":"fef35de8-678f-4122-a1ca-d77acb78664c","msg":"Skipping slash command eval. Disabled!"}
{"level":20,"time":1714829988253,"pid":1441,"hostname":"fef35de8-678f-4122-a1ca-d77acb78664c","msg":"Skipping slash command leaveserver. Disabled!"}
{"level":20,"time":1714829988253,"pid":1441,"hostname":"fef35de8-678f-4122-a1ca-d77acb78664c","msg":"Skipping slash command listservers. Disabled!"}
{"level":30,"time":1714829988262,"pid":1441,"hostname":"fef35de8-678f-4122-a1ca-d77acb78664c","msg":"Loaded 102 commands"}
{"level":30,"time":1714829988262,"pid":1441,"hostname":"fef35de8-678f-4122-a1ca-d77acb78664c","msg":"Loaded 88 slash commands"}
{"level":30,"time":1714829988262,"pid":1441,"hostname":"fef35de8-678f-4122-a1ca-d77acb78664c","msg":"Loading contexts..."}
{"level":30,"time":1714829988263,"pid":1441,"hostname":"fef35de8-678f-4122-a1ca-d77acb78664c","msg":"Loaded 1 USER contexts"}
{"level":30,"time":1714829988263,"pid":1441,"hostname":"fef35de8-678f-4122-a1ca-d77acb78664c","msg":"Loaded 0 MESSAGE contexts"}
{"level":30,"time":1714829988263,"pid":1441,"hostname":"fef35de8-678f-4122-a1ca-d77acb78664c","msg":"Loading events..."}
{"level":30,"time":1714829988284,"pid":1441,"hostname":"fef35de8-678f-4122-a1ca-d77acb78664c","msg":"Loaded 15 events. Success (15) Failed (0)"}
{"level":30,"time":1714829988426,"pid":1441,"hostname":"fef35de8-678f-4122-a1ca-d77acb78664c","msg":"VersionCheck: Your discord bot is up to date"}
{"level":30,"time":1714829988426,"pid":1441,"hostname":"fef35de8-678f-4122-a1ca-d77acb78664c","msg":"Connecting to MongoDb..."}
{"level":30,"time":1714829990874,"pid":1441,"hostname":"fef35de8-678f-4122-a1ca-d77acb78664c","msg":"Mongoose: Database connection established"}
{"level":30,"time":1714829991579,"pid":1441,"hostname":"fef35de8-678f-4122-a1ca-d77acb78664c","msg":"Logged in as ONHEIL#7192! (1222674847461543936)"}
{"level":20,"time":1714829991579,"pid":1441,"hostname":"fef35de8-678f-4122-a1ca-d77acb78664c","msg":"Node \"Local Node\" debug: connection: creating websocket..."}
{"level":30,"time":1714829991580,"pid":1441,"hostname":"fef35de8-678f-4122-a1ca-d77acb78664c","msg":"Music Manager initialized"}
{"level":30,"time":1714829991580,"pid":1441,"hostname":"fef35de8-678f-4122-a1ca-d77acb78664c","msg":"Initializing giveaways manager..."}
{"level":50,"time":1714829991915,"pid":1441,"hostname":"fef35de8-678f-4122-a1ca-d77acb78664c","err":{"type":"Error","message":"Error: Unexpected server response: 502","stack":"Error: Error: Unexpected server response: 502\n    at Connection._onerror (/home/container/node_modules/lavaclient/dist/lib/node/Connection.js:145:33)\n    at callListener (/home/container/node_modules/ws/lib/event-target.js:290:14)\n    at WebSocket.onError (/home/container/node_modules/ws/lib/event-target.js:230:9)\n    at WebSocket.emit (node:events:517:28)\n    at emitErrorAndClose (/home/container/node_modules/ws/lib/websocket.js:1008:13)\n    at process.processTicksAndRejections (node:internal/process/task_queues:82:21)"},"msg":"Node \"Local Node\" encountered an error: Error: Unexpected server response: 502.: Error: Unexpected server response: 502"}
{"level":30,"time":1714829991918,"pid":1441,"hostname":"fef35de8-678f-4122-a1ca-d77acb78664c","msg":"Node \"Local Node\" disconnected"}
{"level":20,"time":1714829991918,"pid":1441,"hostname":"fef35de8-678f-4122-a1ca-d77acb78664c","msg":"Node \"Local Node\" debug: connection: unable to reconnect"}
{"level":30,"time":1714829992072,"pid":1441,"hostname":"fef35de8-678f-4122-a1ca-d77acb78664c","msg":"Successfully registered interactions"}
{"level":30,"time":1714829992558,"pid":1441,"hostname":"fef35de8-678f-4122-a1ca-d77acb78664c","msg":"Giveaway Manager initialized"}
{"level":50,"time":1714830040409,"pid":1441,"hostname":"fef35de8-678f-4122-a1ca-d77acb78664c","msg":"{}"}
{"level":50,"time":1714830060176,"pid":1441,"hostname":"fef35de8-678f-4122-a1ca-d77acb78664c","msg":"{}"}
