{"level":30,"time":1712539398423,"pid":1441,"hostname":"fef35de8-678f-4122-a1ca-d77acb78664c","msg":"Validating config file and environment variables"}
{"level":30,"time":1712539398467,"pid":1441,"hostname":"fef35de8-678f-4122-a1ca-d77acb78664c","msg":"Loading commands..."}
{"level":20,"time":1712539398491,"pid":1441,"hostname":"fef35de8-678f-4122-a1ca-d77acb78664c","msg":"Skipping command notification-remove. Disabled!"}
{"level":20,"time":1712539398492,"pid":1441,"hostname":"fef35de8-678f-4122-a1ca-d77acb78664c","msg":"Skipping command notification-setup. Disabled!"}
{"level":20,"time":1712539398492,"pid":1441,"hostname":"fef35de8-678f-4122-a1ca-d77acb78664c","msg":"Skipping command announce-dev. Disabled!"}
{"level":20,"time":1712539398492,"pid":1441,"hostname":"fef35de8-678f-4122-a1ca-d77acb78664c","msg":"Skipping command announce. Disabled!"}
{"level":20,"time":1712539398514,"pid":1441,"hostname":"fef35de8-678f-4122-a1ca-d77acb78664c","msg":"Skipping command saying. Disabled!"}
{"level":20,"time":1712539398516,"pid":1441,"hostname":"fef35de8-678f-4122-a1ca-d77acb78664c","msg":"Skipping Command bank. Category ECONOMY is disabled"}
{"level":20,"time":1712539398517,"pid":1441,"hostname":"fef35de8-678f-4122-a1ca-d77acb78664c","msg":"Skipping Command beg. Category ECONOMY is disabled"}
{"level":20,"time":1712539398517,"pid":1441,"hostname":"fef35de8-678f-4122-a1ca-d77acb78664c","msg":"Skipping Command daily. Category ECONOMY is disabled"}
{"level":20,"time":1712539398517,"pid":1441,"hostname":"fef35de8-678f-4122-a1ca-d77acb78664c","msg":"Skipping Command gamble. Category ECONOMY is disabled"}
{"level":20,"time":1712539398519,"pid":1441,"hostname":"fef35de8-678f-4122-a1ca-d77acb78664c","msg":"Skipping command say. Disabled!"}
{"level":20,"time":1712539398663,"pid":1441,"hostname":"fef35de8-678f-4122-a1ca-d77acb78664c","msg":"Skipping slash command avatar. Disabled!"}
{"level":20,"time":1712539398664,"pid":1441,"hostname":"fef35de8-678f-4122-a1ca-d77acb78664c","msg":"Skipping slash command botinvite. Disabled!"}
{"level":20,"time":1712539398665,"pid":1441,"hostname":"fef35de8-678f-4122-a1ca-d77acb78664c","msg":"Skipping slash command botstats. Disabled!"}
{"level":20,"time":1712539398666,"pid":1441,"hostname":"fef35de8-678f-4122-a1ca-d77acb78664c","msg":"Skipping slash command channelinfo. Disabled!"}
{"level":20,"time":1712539398666,"pid":1441,"hostname":"fef35de8-678f-4122-a1ca-d77acb78664c","msg":"Skipping slash command emojiinfo. Disabled!"}
{"level":20,"time":1712539398671,"pid":1441,"hostname":"fef35de8-678f-4122-a1ca-d77acb78664c","msg":"Skipping slash command guildinfo. Disabled!"}
{"level":20,"time":1712539398672,"pid":1441,"hostname":"fef35de8-678f-4122-a1ca-d77acb78664c","msg":"Skipping slash command uptime. Disabled!"}
{"level":20,"time":1712539398672,"pid":1441,"hostname":"fef35de8-678f-4122-a1ca-d77acb78664c","msg":"Skipping slash command userinfo. Disabled!"}
{"level":20,"time":1712539398673,"pid":1441,"hostname":"fef35de8-678f-4122-a1ca-d77acb78664c","msg":"Skipping command bot. Disabled!"}
{"level":20,"time":1712539398673,"pid":1441,"hostname":"fef35de8-678f-4122-a1ca-d77acb78664c","msg":"Skipping command info. Disabled!"}
{"level":20,"time":1712539398679,"pid":1441,"hostname":"fef35de8-678f-4122-a1ca-d77acb78664c","msg":"Skipping slash command deafen. Disabled!"}
{"level":20,"time":1712539398679,"pid":1441,"hostname":"fef35de8-678f-4122-a1ca-d77acb78664c","msg":"Skipping slash command disconnect. Disabled!"}
{"level":20,"time":1712539398680,"pid":1441,"hostname":"fef35de8-678f-4122-a1ca-d77acb78664c","msg":"Skipping slash command move. Disabled!"}
{"level":20,"time":1712539398680,"pid":1441,"hostname":"fef35de8-678f-4122-a1ca-d77acb78664c","msg":"Skipping slash command purge. Disabled!"}
{"level":20,"time":1712539398680,"pid":1441,"hostname":"fef35de8-678f-4122-a1ca-d77acb78664c","msg":"Skipping slash command purgeattach. Disabled!"}
{"level":20,"time":1712539398680,"pid":1441,"hostname":"fef35de8-678f-4122-a1ca-d77acb78664c","msg":"Skipping slash command purgebots. Disabled!"}
{"level":20,"time":1712539398681,"pid":1441,"hostname":"fef35de8-678f-4122-a1ca-d77acb78664c","msg":"Skipping slash command purgelinks. Disabled!"}
{"level":20,"time":1712539398681,"pid":1441,"hostname":"fef35de8-678f-4122-a1ca-d77acb78664c","msg":"Skipping slash command purgetoken. Disabled!"}
{"level":20,"time":1712539398681,"pid":1441,"hostname":"fef35de8-678f-4122-a1ca-d77acb78664c","msg":"Skipping slash command purgeuser. Disabled!"}
{"level":20,"time":1712539398681,"pid":1441,"hostname":"fef35de8-678f-4122-a1ca-d77acb78664c","msg":"Skipping slash command undeafen. Disabled!"}
{"level":20,"time":1712539398682,"pid":1441,"hostname":"fef35de8-678f-4122-a1ca-d77acb78664c","msg":"Skipping slash command vmute. Disabled!"}
{"level":20,"time":1712539398682,"pid":1441,"hostname":"fef35de8-678f-4122-a1ca-d77acb78664c","msg":"Skipping slash command vunmute. Disabled!"}
{"level":20,"time":1712539398683,"pid":1441,"hostname":"fef35de8-678f-4122-a1ca-d77acb78664c","msg":"Skipping command purge. Disabled!"}
{"level":20,"time":1712539398683,"pid":1441,"hostname":"fef35de8-678f-4122-a1ca-d77acb78664c","msg":"Skipping command voice. Disabled!"}
{"level":20,"time":1712539398689,"pid":1441,"hostname":"fef35de8-678f-4122-a1ca-d77acb78664c","msg":"Skipping slash command eval. Disabled!"}
{"level":20,"time":1712539398689,"pid":1441,"hostname":"fef35de8-678f-4122-a1ca-d77acb78664c","msg":"Skipping slash command leaveserver. Disabled!"}
{"level":20,"time":1712539398690,"pid":1441,"hostname":"fef35de8-678f-4122-a1ca-d77acb78664c","msg":"Skipping slash command listservers. Disabled!"}
{"level":20,"time":1712539398690,"pid":1441,"hostname":"fef35de8-678f-4122-a1ca-d77acb78664c","msg":"Skipping command reload. Disabled!"}
{"level":30,"time":1712539398702,"pid":1441,"hostname":"fef35de8-678f-4122-a1ca-d77acb78664c","msg":"Loaded 101 commands"}
{"level":30,"time":1712539398702,"pid":1441,"hostname":"fef35de8-678f-4122-a1ca-d77acb78664c","msg":"Loaded 89 slash commands"}
{"level":30,"time":1712539398702,"pid":1441,"hostname":"fef35de8-678f-4122-a1ca-d77acb78664c","msg":"Loading contexts..."}
{"level":30,"time":1712539398703,"pid":1441,"hostname":"fef35de8-678f-4122-a1ca-d77acb78664c","msg":"Loaded 1 USER contexts"}
{"level":30,"time":1712539398703,"pid":1441,"hostname":"fef35de8-678f-4122-a1ca-d77acb78664c","msg":"Loaded 0 MESSAGE contexts"}
{"level":30,"time":1712539398703,"pid":1441,"hostname":"fef35de8-678f-4122-a1ca-d77acb78664c","msg":"Loading events..."}
{"level":30,"time":1712539398723,"pid":1441,"hostname":"fef35de8-678f-4122-a1ca-d77acb78664c","msg":"Loaded 16 events. Success (16) Failed (0)"}
{"level":30,"time":1712539398983,"pid":1441,"hostname":"fef35de8-678f-4122-a1ca-d77acb78664c","msg":"VersionCheck: Your discord bot is up to date"}
{"level":30,"time":1712539398983,"pid":1441,"hostname":"fef35de8-678f-4122-a1ca-d77acb78664c","msg":"Connecting to MongoDb..."}
{"level":30,"time":1712539401050,"pid":1441,"hostname":"fef35de8-678f-4122-a1ca-d77acb78664c","msg":"Mongoose: Database connection established"}
{"level":30,"time":1712539401648,"pid":1441,"hostname":"fef35de8-678f-4122-a1ca-d77acb78664c","msg":"Logged in as ONHEIL#7192! (1222674847461543936)"}
{"level":20,"time":1712539401648,"pid":1441,"hostname":"fef35de8-678f-4122-a1ca-d77acb78664c","msg":"Node \"Local Node\" debug: connection: creating websocket..."}
{"level":30,"time":1712539401649,"pid":1441,"hostname":"fef35de8-678f-4122-a1ca-d77acb78664c","msg":"Music Manager initialized"}
{"level":30,"time":1712539401649,"pid":1441,"hostname":"fef35de8-678f-4122-a1ca-d77acb78664c","msg":"Initializing giveaways manager..."}
{"level":30,"time":1712539402083,"pid":1441,"hostname":"fef35de8-678f-4122-a1ca-d77acb78664c","msg":"Node \"Local Node\" connected"}
{"level":20,"time":1712539402084,"pid":1441,"hostname":"fef35de8-678f-4122-a1ca-d77acb78664c","msg":"Node \"Local Node\" debug: connection: connected in 435ms"}
{"level":20,"time":1712539402100,"pid":1441,"hostname":"fef35de8-678f-4122-a1ca-d77acb78664c","msg":"Node \"Local Node\" debug: connection: lavaclient <<< ready: {\"resumed\":false,\"sessionId\":\"uzp3qxbt3yn0fe4z\",\"op\":\"ready\"}"}
{"level":20,"time":1712539402121,"pid":1441,"hostname":"fef35de8-678f-4122-a1ca-d77acb78664c","msg":"Node \"Local Node\" debug: connection: lavaclient <<< stats: {\"players\":26,\"playingPlayers\":19,\"uptime\":289989919,\"memory\":{\"free\":8467881136,\"used\":826696528,\"allocated\":9294577664,\"reservable\":9462349824},\"cpu\":{\"cores\":8,\"systemLoad\":0.5687919463087249,\"lavalinkLoad\":0.19770006301197227},\"op\":\"stats\"}"}
{"level":30,"time":1712539402357,"pid":1441,"hostname":"fef35de8-678f-4122-a1ca-d77acb78664c","msg":"Successfully registered interactions"}
{"level":30,"time":1712539402575,"pid":1441,"hostname":"fef35de8-678f-4122-a1ca-d77acb78664c","msg":"Giveaway Manager initialized"}
{"level":20,"time":1712539462095,"pid":1441,"hostname":"fef35de8-678f-4122-a1ca-d77acb78664c","msg":"Node \"Local Node\" debug: connection: lavaclient <<< stats: {\"players\":25,\"playingPlayers\":18,\"uptime\":290049918,\"memory\":{\"free\":6236504176,\"used\":3058073488,\"allocated\":9294577664,\"reservable\":9462349824},\"cpu\":{\"cores\":8,\"systemLoad\":0.6170212765957447,\"lavalinkLoad\":0.18316910362364908},\"op\":\"stats\"}"}
{"level":50,"time":1712539466569,"pid":1441,"hostname":"fef35de8-678f-4122-a1ca-d77acb78664c","err":{"type":"TypeError","message":"interaction.client.commands.get is not a function","stack":"TypeError: interaction.client.commands.get is not a function\n    at Object.interactionRun (/home/container/src/commands/owner/reload.js:48:47)\n    at Object.handleSlashCommand (/home/container/src/handlers/command.js:140:17)\n    at process.processTicksAndRejections (node:internal/process/task_queues:95:5)\n    at async module.exports (/home/container/src/events/interactions/interactionCreate.js:18:5)"},"msg":"interactionRun: interaction.client.commands.get is not a function"}
{"level":20,"time":1712539522097,"pid":1441,"hostname":"fef35de8-678f-4122-a1ca-d77acb78664c","msg":"Node \"Local Node\" debug: connection: lavaclient <<< stats: {\"players\":30,\"playingPlayers\":23,\"uptime\":290109918,\"memory\":{\"free\":7191008848,\"used\":2103568816,\"allocated\":9294577664,\"reservable\":9462349824},\"cpu\":{\"cores\":8,\"systemLoad\":0.5061295971978984,\"lavalinkLoad\":0.2129011757229107},\"op\":\"stats\"}"}
{"level":30,"time":1712539581856,"pid":1442,"hostname":"fef35de8-678f-4122-a1ca-d77acb78664c","msg":"Validating config file and environment variables"}
{"level":30,"time":1712539581879,"pid":1442,"hostname":"fef35de8-678f-4122-a1ca-d77acb78664c","msg":"Loading commands..."}
{"level":20,"time":1712539581904,"pid":1442,"hostname":"fef35de8-678f-4122-a1ca-d77acb78664c","msg":"Skipping command notification-remove. Disabled!"}
{"level":20,"time":1712539581905,"pid":1442,"hostname":"fef35de8-678f-4122-a1ca-d77acb78664c","msg":"Skipping command notification-setup. Disabled!"}
{"level":20,"time":1712539581905,"pid":1442,"hostname":"fef35de8-678f-4122-a1ca-d77acb78664c","msg":"Skipping command announce-dev. Disabled!"}
{"level":20,"time":1712539581906,"pid":1442,"hostname":"fef35de8-678f-4122-a1ca-d77acb78664c","msg":"Skipping command announce. Disabled!"}
{"level":20,"time":1712539581927,"pid":1442,"hostname":"fef35de8-678f-4122-a1ca-d77acb78664c","msg":"Skipping command saying. Disabled!"}
{"level":20,"time":1712539581930,"pid":1442,"hostname":"fef35de8-678f-4122-a1ca-d77acb78664c","msg":"Skipping Command bank. Category ECONOMY is disabled"}
{"level":20,"time":1712539581930,"pid":1442,"hostname":"fef35de8-678f-4122-a1ca-d77acb78664c","msg":"Skipping Command beg. Category ECONOMY is disabled"}
{"level":20,"time":1712539581931,"pid":1442,"hostname":"fef35de8-678f-4122-a1ca-d77acb78664c","msg":"Skipping Command daily. Category ECONOMY is disabled"}
{"level":20,"time":1712539581931,"pid":1442,"hostname":"fef35de8-678f-4122-a1ca-d77acb78664c","msg":"Skipping Command gamble. Category ECONOMY is disabled"}
{"level":20,"time":1712539581933,"pid":1442,"hostname":"fef35de8-678f-4122-a1ca-d77acb78664c","msg":"Skipping command say. Disabled!"}
{"level":20,"time":1712539582082,"pid":1442,"hostname":"fef35de8-678f-4122-a1ca-d77acb78664c","msg":"Skipping slash command avatar. Disabled!"}
{"level":20,"time":1712539582083,"pid":1442,"hostname":"fef35de8-678f-4122-a1ca-d77acb78664c","msg":"Skipping slash command botinvite. Disabled!"}
{"level":20,"time":1712539582083,"pid":1442,"hostname":"fef35de8-678f-4122-a1ca-d77acb78664c","msg":"Skipping slash command botstats. Disabled!"}
{"level":20,"time":1712539582084,"pid":1442,"hostname":"fef35de8-678f-4122-a1ca-d77acb78664c","msg":"Skipping slash command channelinfo. Disabled!"}
{"level":20,"time":1712539582085,"pid":1442,"hostname":"fef35de8-678f-4122-a1ca-d77acb78664c","msg":"Skipping slash command emojiinfo. Disabled!"}
{"level":20,"time":1712539582090,"pid":1442,"hostname":"fef35de8-678f-4122-a1ca-d77acb78664c","msg":"Skipping slash command guildinfo. Disabled!"}
{"level":20,"time":1712539582091,"pid":1442,"hostname":"fef35de8-678f-4122-a1ca-d77acb78664c","msg":"Skipping slash command uptime. Disabled!"}
{"level":20,"time":1712539582091,"pid":1442,"hostname":"fef35de8-678f-4122-a1ca-d77acb78664c","msg":"Skipping slash command userinfo. Disabled!"}
{"level":20,"time":1712539582092,"pid":1442,"hostname":"fef35de8-678f-4122-a1ca-d77acb78664c","msg":"Skipping command bot. Disabled!"}
{"level":20,"time":1712539582092,"pid":1442,"hostname":"fef35de8-678f-4122-a1ca-d77acb78664c","msg":"Skipping command info. Disabled!"}
{"level":20,"time":1712539582096,"pid":1442,"hostname":"fef35de8-678f-4122-a1ca-d77acb78664c","msg":"Skipping slash command deafen. Disabled!"}
{"level":20,"time":1712539582097,"pid":1442,"hostname":"fef35de8-678f-4122-a1ca-d77acb78664c","msg":"Skipping slash command disconnect. Disabled!"}
{"level":20,"time":1712539582097,"pid":1442,"hostname":"fef35de8-678f-4122-a1ca-d77acb78664c","msg":"Skipping slash command move. Disabled!"}
{"level":20,"time":1712539582098,"pid":1442,"hostname":"fef35de8-678f-4122-a1ca-d77acb78664c","msg":"Skipping slash command purge. Disabled!"}
{"level":20,"time":1712539582098,"pid":1442,"hostname":"fef35de8-678f-4122-a1ca-d77acb78664c","msg":"Skipping slash command purgeattach. Disabled!"}
{"level":20,"time":1712539582098,"pid":1442,"hostname":"fef35de8-678f-4122-a1ca-d77acb78664c","msg":"Skipping slash command purgebots. Disabled!"}
{"level":20,"time":1712539582098,"pid":1442,"hostname":"fef35de8-678f-4122-a1ca-d77acb78664c","msg":"Skipping slash command purgelinks. Disabled!"}
{"level":20,"time":1712539582099,"pid":1442,"hostname":"fef35de8-678f-4122-a1ca-d77acb78664c","msg":"Skipping slash command purgetoken. Disabled!"}
{"level":20,"time":1712539582099,"pid":1442,"hostname":"fef35de8-678f-4122-a1ca-d77acb78664c","msg":"Skipping slash command purgeuser. Disabled!"}
{"level":20,"time":1712539582099,"pid":1442,"hostname":"fef35de8-678f-4122-a1ca-d77acb78664c","msg":"Skipping slash command undeafen. Disabled!"}
{"level":20,"time":1712539582100,"pid":1442,"hostname":"fef35de8-678f-4122-a1ca-d77acb78664c","msg":"Skipping slash command vmute. Disabled!"}
{"level":20,"time":1712539582100,"pid":1442,"hostname":"fef35de8-678f-4122-a1ca-d77acb78664c","msg":"Skipping slash command vunmute. Disabled!"}
{"level":20,"time":1712539582101,"pid":1442,"hostname":"fef35de8-678f-4122-a1ca-d77acb78664c","msg":"Skipping command purge. Disabled!"}
{"level":20,"time":1712539582101,"pid":1442,"hostname":"fef35de8-678f-4122-a1ca-d77acb78664c","msg":"Skipping command voice. Disabled!"}
{"level":20,"time":1712539582107,"pid":1442,"hostname":"fef35de8-678f-4122-a1ca-d77acb78664c","msg":"Skipping slash command eval. Disabled!"}
{"level":20,"time":1712539582107,"pid":1442,"hostname":"fef35de8-678f-4122-a1ca-d77acb78664c","msg":"Skipping slash command leaveserver. Disabled!"}
{"level":20,"time":1712539582108,"pid":1442,"hostname":"fef35de8-678f-4122-a1ca-d77acb78664c","msg":"Skipping slash command listservers. Disabled!"}
{"level":30,"time":1712539582123,"pid":1442,"hostname":"fef35de8-678f-4122-a1ca-d77acb78664c","msg":"Loaded 101 commands"}
{"level":30,"time":1712539582123,"pid":1442,"hostname":"fef35de8-678f-4122-a1ca-d77acb78664c","msg":"Loaded 88 slash commands"}
{"level":30,"time":1712539582123,"pid":1442,"hostname":"fef35de8-678f-4122-a1ca-d77acb78664c","msg":"Loading contexts..."}
{"level":30,"time":1712539582124,"pid":1442,"hostname":"fef35de8-678f-4122-a1ca-d77acb78664c","msg":"Loaded 1 USER contexts"}
{"level":30,"time":1712539582124,"pid":1442,"hostname":"fef35de8-678f-4122-a1ca-d77acb78664c","msg":"Loaded 0 MESSAGE contexts"}
{"level":30,"time":1712539582124,"pid":1442,"hostname":"fef35de8-678f-4122-a1ca-d77acb78664c","msg":"Loading events..."}
{"level":30,"time":1712539582158,"pid":1442,"hostname":"fef35de8-678f-4122-a1ca-d77acb78664c","msg":"Loaded 16 events. Success (16) Failed (0)"}
{"level":30,"time":1712539582442,"pid":1442,"hostname":"fef35de8-678f-4122-a1ca-d77acb78664c","msg":"VersionCheck: Your discord bot is up to date"}
{"level":30,"time":1712539582442,"pid":1442,"hostname":"fef35de8-678f-4122-a1ca-d77acb78664c","msg":"Connecting to MongoDb..."}
{"level":30,"time":1712539584479,"pid":1442,"hostname":"fef35de8-678f-4122-a1ca-d77acb78664c","msg":"Mongoose: Database connection established"}
{"level":30,"time":1712539585049,"pid":1442,"hostname":"fef35de8-678f-4122-a1ca-d77acb78664c","msg":"Logged in as ONHEIL#7192! (1222674847461543936)"}
{"level":20,"time":1712539585050,"pid":1442,"hostname":"fef35de8-678f-4122-a1ca-d77acb78664c","msg":"Node \"Local Node\" debug: connection: creating websocket..."}
{"level":30,"time":1712539585050,"pid":1442,"hostname":"fef35de8-678f-4122-a1ca-d77acb78664c","msg":"Music Manager initialized"}
{"level":30,"time":1712539585050,"pid":1442,"hostname":"fef35de8-678f-4122-a1ca-d77acb78664c","msg":"Initializing giveaways manager..."}
{"level":30,"time":1712539585517,"pid":1442,"hostname":"fef35de8-678f-4122-a1ca-d77acb78664c","msg":"Node \"Local Node\" connected"}
{"level":20,"time":1712539585517,"pid":1442,"hostname":"fef35de8-678f-4122-a1ca-d77acb78664c","msg":"Node \"Local Node\" debug: connection: connected in 467ms"}
{"level":20,"time":1712539585520,"pid":1442,"hostname":"fef35de8-678f-4122-a1ca-d77acb78664c","msg":"Node \"Local Node\" debug: connection: lavaclient <<< ready: {\"resumed\":false,\"sessionId\":\"3z7rinm95bdd5108\",\"op\":\"ready\"}"}
{"level":20,"time":1712539585521,"pid":1442,"hostname":"fef35de8-678f-4122-a1ca-d77acb78664c","msg":"Node \"Local Node\" debug: connection: lavaclient <<< stats: {\"players\":29,\"playingPlayers\":22,\"uptime\":290173342,\"memory\":{\"free\":6829048224,\"used\":2465529440,\"allocated\":9294577664,\"reservable\":9462349824},\"cpu\":{\"cores\":8,\"systemLoad\":0.5683629675045984,\"lavalinkLoad\":0.20922093730979915},\"op\":\"stats\"}"}
{"level":30,"time":1712539585693,"pid":1442,"hostname":"fef35de8-678f-4122-a1ca-d77acb78664c","msg":"Successfully registered interactions"}
{"level":30,"time":1712539586003,"pid":1442,"hostname":"fef35de8-678f-4122-a1ca-d77acb78664c","msg":"Giveaway Manager initialized"}
{"level":20,"time":1712539645519,"pid":1442,"hostname":"fef35de8-678f-4122-a1ca-d77acb78664c","msg":"Node \"Local Node\" debug: connection: lavaclient <<< stats: {\"players\":29,\"playingPlayers\":22,\"uptime\":290233341,\"memory\":{\"free\":7323909256,\"used\":2004222840,\"allocated\":9328132096,\"reservable\":9462349824},\"cpu\":{\"cores\":8,\"systemLoad\":0.5597459309249703,\"lavalinkLoad\":0.20240450464160706},\"op\":\"stats\"}"}
{"level":20,"time":1712539705521,"pid":1442,"hostname":"fef35de8-678f-4122-a1ca-d77acb78664c","msg":"Node \"Local Node\" debug: connection: lavaclient <<< stats: {\"players\":27,\"playingPlayers\":20,\"uptime\":290293341,\"memory\":{\"free\":7272395832,\"used\":2055736264,\"allocated\":9328132096,\"reservable\":9462349824},\"cpu\":{\"cores\":8,\"systemLoad\":0.5437682367653189,\"lavalinkLoad\":0.20166209210125038},\"op\":\"stats\"}"}
{"level":20,"time":1712539765522,"pid":1442,"hostname":"fef35de8-678f-4122-a1ca-d77acb78664c","msg":"Node \"Local Node\" debug: connection: lavaclient <<< stats: {\"players\":26,\"playingPlayers\":19,\"uptime\":290353341,\"memory\":{\"free\":7880119664,\"used\":1448012432,\"allocated\":9328132096,\"reservable\":9462349824},\"cpu\":{\"cores\":8,\"systemLoad\":0.5721173161912415,\"lavalinkLoad\":0.20202404504641608},\"op\":\"stats\"}"}
{"level":20,"time":1712539825522,"pid":1442,"hostname":"fef35de8-678f-4122-a1ca-d77acb78664c","msg":"Node \"Local Node\" debug: connection: lavaclient <<< stats: {\"players\":25,\"playingPlayers\":18,\"uptime\":290413341,\"memory\":{\"free\":8068767096,\"used\":1259365000,\"allocated\":9328132096,\"reservable\":9462349824},\"cpu\":{\"cores\":8,\"systemLoad\":0.5764003294892917,\"lavalinkLoad\":0.19042002739309086},\"op\":\"stats\"}"}
{"level":20,"time":1712539885517,"pid":1442,"hostname":"fef35de8-678f-4122-a1ca-d77acb78664c","msg":"Node \"Local Node\" debug: connection: lavaclient <<< stats: {\"players\":24,\"playingPlayers\":17,\"uptime\":290473341,\"memory\":{\"free\":6109697984,\"used\":3218434112,\"allocated\":9328132096,\"reservable\":9462349824},\"cpu\":{\"cores\":8,\"systemLoad\":0.4452124415531612,\"lavalinkLoad\":0.18889818901232688},\"op\":\"stats\"}"}
{"level":20,"time":1712539945523,"pid":1442,"hostname":"fef35de8-678f-4122-a1ca-d77acb78664c","msg":"Node \"Local Node\" debug: connection: lavaclient <<< stats: {\"players\":21,\"playingPlayers\":14,\"uptime\":290533341,\"memory\":{\"free\":5933217888,\"used\":3394914208,\"allocated\":9328132096,\"reservable\":9462349824},\"cpu\":{\"cores\":8,\"systemLoad\":0.5897695107157299,\"lavalinkLoad\":0.17362695877072873},\"op\":\"stats\"}"}
{"level":20,"time":1712540005520,"pid":1442,"hostname":"fef35de8-678f-4122-a1ca-d77acb78664c","msg":"Node \"Local Node\" debug: connection: lavaclient <<< stats: {\"players\":21,\"playingPlayers\":14,\"uptime\":290593341,\"memory\":{\"free\":8508584216,\"used\":819547880,\"allocated\":9328132096,\"reservable\":9462349824},\"cpu\":{\"cores\":8,\"systemLoad\":0.684795553791187,\"lavalinkLoad\":0.14914555996338114},\"op\":\"stats\"}"}
{"level":20,"time":1712540065525,"pid":1442,"hostname":"fef35de8-678f-4122-a1ca-d77acb78664c","msg":"Node \"Local Node\" debug: connection: lavaclient <<< stats: {\"players\":21,\"playingPlayers\":14,\"uptime\":290653342,\"memory\":{\"free\":7387771552,\"used\":1965526368,\"allocated\":9353297920,\"reservable\":9462349824},\"cpu\":{\"cores\":8,\"systemLoad\":0.5187078307094664,\"lavalinkLoad\":0.17696928223844283},\"op\":\"stats\"}"}
{"level":20,"time":1712540125533,"pid":1442,"hostname":"fef35de8-678f-4122-a1ca-d77acb78664c","msg":"Node \"Local Node\" debug: connection: lavaclient <<< stats: {\"players\":24,\"playingPlayers\":17,\"uptime\":290713354,\"memory\":{\"free\":8552186896,\"used\":801111024,\"allocated\":9353297920,\"reservable\":9462349824},\"cpu\":{\"cores\":8,\"systemLoad\":0.5481418918918919,\"lavalinkLoad\":0.18358900364520048},\"op\":\"stats\"}"}
{"level":20,"time":1712540185518,"pid":1442,"hostname":"fef35de8-678f-4122-a1ca-d77acb78664c","msg":"Node \"Local Node\" debug: connection: lavaclient <<< stats: {\"players\":24,\"playingPlayers\":17,\"uptime\":290773341,\"memory\":{\"free\":5799916616,\"used\":3553381304,\"allocated\":9353297920,\"reservable\":9462349824},\"cpu\":{\"cores\":8,\"systemLoad\":0.5314179412980571,\"lavalinkLoad\":0.18493150684931506},\"op\":\"stats\"}"}
{"level":20,"time":1712540245521,"pid":1442,"hostname":"fef35de8-678f-4122-a1ca-d77acb78664c","msg":"Node \"Local Node\" debug: connection: lavaclient <<< stats: {\"players\":25,\"playingPlayers\":18,\"uptime\":290833341,\"memory\":{\"free\":6973705024,\"used\":2379592896,\"allocated\":9353297920,\"reservable\":9462349824},\"cpu\":{\"cores\":8,\"systemLoad\":0.5673534072900158,\"lavalinkLoad\":0.1837619844772485},\"op\":\"stats\"}"}
{"level":20,"time":1712540305519,"pid":1442,"hostname":"fef35de8-678f-4122-a1ca-d77acb78664c","msg":"Node \"Local Node\" debug: connection: lavaclient <<< stats: {\"players\":24,\"playingPlayers\":17,\"uptime\":290893341,\"memory\":{\"free\":5840701968,\"used\":3512595952,\"allocated\":9353297920,\"reservable\":9462349824},\"cpu\":{\"cores\":8,\"systemLoad\":0.546204952687739,\"lavalinkLoad\":0.18547405265560798},\"op\":\"stats\"}"}
{"level":20,"time":1712540365520,"pid":1442,"hostname":"fef35de8-678f-4122-a1ca-d77acb78664c","msg":"Node \"Local Node\" debug: connection: lavaclient <<< stats: {\"players\":24,\"playingPlayers\":17,\"uptime\":290953341,\"memory\":{\"free\":6913512280,\"used\":2439785640,\"allocated\":9353297920,\"reservable\":9462349824},\"cpu\":{\"cores\":8,\"systemLoad\":0.5495387083834737,\"lavalinkLoad\":0.1856360316494218},\"op\":\"stats\"}"}
{"level":20,"time":1712540425521,"pid":1442,"hostname":"fef35de8-678f-4122-a1ca-d77acb78664c","msg":"Node \"Local Node\" debug: connection: lavaclient <<< stats: {\"players\":21,\"playingPlayers\":14,\"uptime\":291013341,\"memory\":{\"free\":7475071552,\"used\":1878226368,\"allocated\":9353297920,\"reservable\":9462349824},\"cpu\":{\"cores\":8,\"systemLoad\":0.41379310344827586,\"lavalinkLoad\":0.18020246612878674},\"op\":\"stats\"}"}
{"level":20,"time":1712540485520,"pid":1442,"hostname":"fef35de8-678f-4122-a1ca-d77acb78664c","msg":"Node \"Local Node\" debug: connection: lavaclient <<< stats: {\"players\":20,\"playingPlayers\":13,\"uptime\":291073341,\"memory\":{\"free\":5499465656,\"used\":3853832264,\"allocated\":9353297920,\"reservable\":9462349824},\"cpu\":{\"cores\":8,\"systemLoad\":0.4166325276526014,\"lavalinkLoad\":0.17786486075178817},\"op\":\"stats\"}"}
{"level":30,"time":1712540499207,"pid":1442,"hostname":"fef35de8-678f-4122-a1ca-d77acb78664c","msg":"Validating config file and environment variables"}
{"level":30,"time":1712540499255,"pid":1442,"hostname":"fef35de8-678f-4122-a1ca-d77acb78664c","msg":"Loading commands..."}
{"level":20,"time":1712540499282,"pid":1442,"hostname":"fef35de8-678f-4122-a1ca-d77acb78664c","msg":"Skipping command notification-remove. Disabled!"}
{"level":20,"time":1712540499282,"pid":1442,"hostname":"fef35de8-678f-4122-a1ca-d77acb78664c","msg":"Skipping command notification-setup. Disabled!"}
{"level":20,"time":1712540499282,"pid":1442,"hostname":"fef35de8-678f-4122-a1ca-d77acb78664c","msg":"Skipping command announce-dev. Disabled!"}
{"level":20,"time":1712540499283,"pid":1442,"hostname":"fef35de8-678f-4122-a1ca-d77acb78664c","msg":"Skipping command announce. Disabled!"}
{"level":20,"time":1712540499305,"pid":1442,"hostname":"fef35de8-678f-4122-a1ca-d77acb78664c","msg":"Skipping command saying. Disabled!"}
{"level":20,"time":1712540499308,"pid":1442,"hostname":"fef35de8-678f-4122-a1ca-d77acb78664c","msg":"Skipping Command bank. Category ECONOMY is disabled"}
{"level":20,"time":1712540499308,"pid":1442,"hostname":"fef35de8-678f-4122-a1ca-d77acb78664c","msg":"Skipping Command beg. Category ECONOMY is disabled"}
{"level":20,"time":1712540499308,"pid":1442,"hostname":"fef35de8-678f-4122-a1ca-d77acb78664c","msg":"Skipping Command daily. Category ECONOMY is disabled"}
{"level":20,"time":1712540499309,"pid":1442,"hostname":"fef35de8-678f-4122-a1ca-d77acb78664c","msg":"Skipping Command gamble. Category ECONOMY is disabled"}
{"level":20,"time":1712540499310,"pid":1442,"hostname":"fef35de8-678f-4122-a1ca-d77acb78664c","msg":"Skipping command say. Disabled!"}
{"level":20,"time":1712540499429,"pid":1442,"hostname":"fef35de8-678f-4122-a1ca-d77acb78664c","msg":"Skipping slash command avatar. Disabled!"}
{"level":20,"time":1712540499430,"pid":1442,"hostname":"fef35de8-678f-4122-a1ca-d77acb78664c","msg":"Skipping slash command botinvite. Disabled!"}
{"level":20,"time":1712540499430,"pid":1442,"hostname":"fef35de8-678f-4122-a1ca-d77acb78664c","msg":"Skipping slash command botstats. Disabled!"}
{"level":20,"time":1712540499431,"pid":1442,"hostname":"fef35de8-678f-4122-a1ca-d77acb78664c","msg":"Skipping slash command channelinfo. Disabled!"}
{"level":20,"time":1712540499431,"pid":1442,"hostname":"fef35de8-678f-4122-a1ca-d77acb78664c","msg":"Skipping slash command emojiinfo. Disabled!"}
{"level":20,"time":1712540499451,"pid":1442,"hostname":"fef35de8-678f-4122-a1ca-d77acb78664c","msg":"Skipping slash command guildinfo. Disabled!"}
{"level":20,"time":1712540499451,"pid":1442,"hostname":"fef35de8-678f-4122-a1ca-d77acb78664c","msg":"Skipping slash command uptime. Disabled!"}
{"level":20,"time":1712540499452,"pid":1442,"hostname":"fef35de8-678f-4122-a1ca-d77acb78664c","msg":"Skipping slash command userinfo. Disabled!"}
{"level":20,"time":1712540499453,"pid":1442,"hostname":"fef35de8-678f-4122-a1ca-d77acb78664c","msg":"Skipping command bot. Disabled!"}
{"level":20,"time":1712540499453,"pid":1442,"hostname":"fef35de8-678f-4122-a1ca-d77acb78664c","msg":"Skipping command info. Disabled!"}
{"level":20,"time":1712540499457,"pid":1442,"hostname":"fef35de8-678f-4122-a1ca-d77acb78664c","msg":"Skipping slash command deafen. Disabled!"}
{"level":20,"time":1712540499457,"pid":1442,"hostname":"fef35de8-678f-4122-a1ca-d77acb78664c","msg":"Skipping slash command disconnect. Disabled!"}
{"level":20,"time":1712540499458,"pid":1442,"hostname":"fef35de8-678f-4122-a1ca-d77acb78664c","msg":"Skipping slash command move. Disabled!"}
{"level":20,"time":1712540499458,"pid":1442,"hostname":"fef35de8-678f-4122-a1ca-d77acb78664c","msg":"Skipping slash command purge. Disabled!"}
{"level":20,"time":1712540499458,"pid":1442,"hostname":"fef35de8-678f-4122-a1ca-d77acb78664c","msg":"Skipping slash command purgeattach. Disabled!"}
{"level":20,"time":1712540499459,"pid":1442,"hostname":"fef35de8-678f-4122-a1ca-d77acb78664c","msg":"Skipping slash command purgebots. Disabled!"}
{"level":20,"time":1712540499459,"pid":1442,"hostname":"fef35de8-678f-4122-a1ca-d77acb78664c","msg":"Skipping slash command purgelinks. Disabled!"}
{"level":20,"time":1712540499459,"pid":1442,"hostname":"fef35de8-678f-4122-a1ca-d77acb78664c","msg":"Skipping slash command purgetoken. Disabled!"}
{"level":20,"time":1712540499459,"pid":1442,"hostname":"fef35de8-678f-4122-a1ca-d77acb78664c","msg":"Skipping slash command purgeuser. Disabled!"}
{"level":20,"time":1712540499460,"pid":1442,"hostname":"fef35de8-678f-4122-a1ca-d77acb78664c","msg":"Skipping slash command undeafen. Disabled!"}
{"level":20,"time":1712540499460,"pid":1442,"hostname":"fef35de8-678f-4122-a1ca-d77acb78664c","msg":"Skipping slash command vmute. Disabled!"}
{"level":20,"time":1712540499461,"pid":1442,"hostname":"fef35de8-678f-4122-a1ca-d77acb78664c","msg":"Skipping slash command vunmute. Disabled!"}
{"level":20,"time":1712540499461,"pid":1442,"hostname":"fef35de8-678f-4122-a1ca-d77acb78664c","msg":"Skipping command purge. Disabled!"}
{"level":20,"time":1712540499462,"pid":1442,"hostname":"fef35de8-678f-4122-a1ca-d77acb78664c","msg":"Skipping command voice. Disabled!"}
{"level":20,"time":1712540499468,"pid":1442,"hostname":"fef35de8-678f-4122-a1ca-d77acb78664c","msg":"Skipping slash command eval. Disabled!"}
{"level":20,"time":1712540499468,"pid":1442,"hostname":"fef35de8-678f-4122-a1ca-d77acb78664c","msg":"Skipping slash command leaveserver. Disabled!"}
{"level":20,"time":1712540499468,"pid":1442,"hostname":"fef35de8-678f-4122-a1ca-d77acb78664c","msg":"Skipping slash command listservers. Disabled!"}
{"level":30,"time":1712540499479,"pid":1442,"hostname":"fef35de8-678f-4122-a1ca-d77acb78664c","msg":"Loaded 101 commands"}
{"level":30,"time":1712540499479,"pid":1442,"hostname":"fef35de8-678f-4122-a1ca-d77acb78664c","msg":"Loaded 88 slash commands"}
{"level":30,"time":1712540499479,"pid":1442,"hostname":"fef35de8-678f-4122-a1ca-d77acb78664c","msg":"Loading contexts..."}
{"level":30,"time":1712540499479,"pid":1442,"hostname":"fef35de8-678f-4122-a1ca-d77acb78664c","msg":"Loaded 1 USER contexts"}
{"level":30,"time":1712540499479,"pid":1442,"hostname":"fef35de8-678f-4122-a1ca-d77acb78664c","msg":"Loaded 0 MESSAGE contexts"}
{"level":30,"time":1712540499479,"pid":1442,"hostname":"fef35de8-678f-4122-a1ca-d77acb78664c","msg":"Loading events..."}
{"level":30,"time":1712540499499,"pid":1442,"hostname":"fef35de8-678f-4122-a1ca-d77acb78664c","msg":"Loaded 16 events. Success (16) Failed (0)"}
{"level":30,"time":1712540499771,"pid":1442,"hostname":"fef35de8-678f-4122-a1ca-d77acb78664c","msg":"VersionCheck: Your discord bot is up to date"}
{"level":30,"time":1712540499771,"pid":1442,"hostname":"fef35de8-678f-4122-a1ca-d77acb78664c","msg":"Connecting to MongoDb..."}
{"level":30,"time":1712540501828,"pid":1442,"hostname":"fef35de8-678f-4122-a1ca-d77acb78664c","msg":"Mongoose: Database connection established"}
{"level":30,"time":1712540502415,"pid":1442,"hostname":"fef35de8-678f-4122-a1ca-d77acb78664c","msg":"Logged in as ONHEIL#7192! (1222674847461543936)"}
{"level":20,"time":1712540502415,"pid":1442,"hostname":"fef35de8-678f-4122-a1ca-d77acb78664c","msg":"Node \"Local Node\" debug: connection: creating websocket..."}
{"level":30,"time":1712540502416,"pid":1442,"hostname":"fef35de8-678f-4122-a1ca-d77acb78664c","msg":"Music Manager initialized"}
{"level":30,"time":1712540502416,"pid":1442,"hostname":"fef35de8-678f-4122-a1ca-d77acb78664c","msg":"Initializing giveaways manager..."}
{"level":30,"time":1712540502809,"pid":1442,"hostname":"fef35de8-678f-4122-a1ca-d77acb78664c","msg":"Successfully registered interactions"}
{"level":30,"time":1712540502877,"pid":1442,"hostname":"fef35de8-678f-4122-a1ca-d77acb78664c","msg":"Node \"Local Node\" connected"}
{"level":20,"time":1712540502877,"pid":1442,"hostname":"fef35de8-678f-4122-a1ca-d77acb78664c","msg":"Node \"Local Node\" debug: connection: connected in 461ms"}
{"level":20,"time":1712540502880,"pid":1442,"hostname":"fef35de8-678f-4122-a1ca-d77acb78664c","msg":"Node \"Local Node\" debug: connection: lavaclient <<< ready: {\"resumed\":false,\"sessionId\":\"ql532a8reqa94xmw\",\"op\":\"ready\"}"}
{"level":20,"time":1712540502880,"pid":1442,"hostname":"fef35de8-678f-4122-a1ca-d77acb78664c","msg":"Node \"Local Node\" debug: connection: lavaclient <<< stats: {\"players\":20,\"playingPlayers\":13,\"uptime\":291090701,\"memory\":{\"free\":6789328752,\"used\":2563969168,\"allocated\":9353297920,\"reservable\":9462349824},\"cpu\":{\"cores\":8,\"systemLoad\":0.459057909842985,\"lavalinkLoad\":0.1806864064602961},\"op\":\"stats\"}"}
{"level":30,"time":1712540503335,"pid":1442,"hostname":"fef35de8-678f-4122-a1ca-d77acb78664c","msg":"Giveaway Manager initialized"}
{"level":20,"time":1712540562881,"pid":1442,"hostname":"fef35de8-678f-4122-a1ca-d77acb78664c","msg":"Node \"Local Node\" debug: connection: lavaclient <<< stats: {\"players\":22,\"playingPlayers\":15,\"uptime\":291150700,\"memory\":{\"free\":4428115728,\"used\":4925182192,\"allocated\":9353297920,\"reservable\":9462349824},\"cpu\":{\"cores\":8,\"systemLoad\":0.4676496097137901,\"lavalinkLoad\":0.19030152106609233},\"op\":\"stats\"}"}
{"level":20,"time":1712540622881,"pid":1442,"hostname":"fef35de8-678f-4122-a1ca-d77acb78664c","msg":"Node \"Local Node\" debug: connection: lavaclient <<< stats: {\"players\":24,\"playingPlayers\":17,\"uptime\":291210700,\"memory\":{\"free\":6771768464,\"used\":2581529456,\"allocated\":9353297920,\"reservable\":9462349824},\"cpu\":{\"cores\":8,\"systemLoad\":0.5374029640084685,\"lavalinkLoad\":0.18001345895020188},\"op\":\"stats\"}"}
{"level":30,"time":1712540683973,"pid":1441,"hostname":"fef35de8-678f-4122-a1ca-d77acb78664c","msg":"Validating config file and environment variables"}
{"level":30,"time":1712540683998,"pid":1441,"hostname":"fef35de8-678f-4122-a1ca-d77acb78664c","msg":"Loading commands..."}
{"level":20,"time":1712540684028,"pid":1441,"hostname":"fef35de8-678f-4122-a1ca-d77acb78664c","msg":"Skipping command notification-remove. Disabled!"}
{"level":20,"time":1712540684029,"pid":1441,"hostname":"fef35de8-678f-4122-a1ca-d77acb78664c","msg":"Skipping command notification-setup. Disabled!"}
{"level":20,"time":1712540684029,"pid":1441,"hostname":"fef35de8-678f-4122-a1ca-d77acb78664c","msg":"Skipping command announce-dev. Disabled!"}
{"level":20,"time":1712540684030,"pid":1441,"hostname":"fef35de8-678f-4122-a1ca-d77acb78664c","msg":"Skipping command announce. Disabled!"}
{"level":20,"time":1712540684069,"pid":1441,"hostname":"fef35de8-678f-4122-a1ca-d77acb78664c","msg":"Skipping command saying. Disabled!"}
{"level":20,"time":1712540684073,"pid":1441,"hostname":"fef35de8-678f-4122-a1ca-d77acb78664c","msg":"Skipping Command bank. Category ECONOMY is disabled"}
{"level":20,"time":1712540684073,"pid":1441,"hostname":"fef35de8-678f-4122-a1ca-d77acb78664c","msg":"Skipping Command beg. Category ECONOMY is disabled"}
{"level":20,"time":1712540684073,"pid":1441,"hostname":"fef35de8-678f-4122-a1ca-d77acb78664c","msg":"Skipping Command daily. Category ECONOMY is disabled"}
{"level":20,"time":1712540684074,"pid":1441,"hostname":"fef35de8-678f-4122-a1ca-d77acb78664c","msg":"Skipping Command gamble. Category ECONOMY is disabled"}
{"level":20,"time":1712540684076,"pid":1441,"hostname":"fef35de8-678f-4122-a1ca-d77acb78664c","msg":"Skipping command say. Disabled!"}
{"level":20,"time":1712540684216,"pid":1441,"hostname":"fef35de8-678f-4122-a1ca-d77acb78664c","msg":"Skipping slash command avatar. Disabled!"}
{"level":20,"time":1712540684216,"pid":1441,"hostname":"fef35de8-678f-4122-a1ca-d77acb78664c","msg":"Skipping slash command botinvite. Disabled!"}
{"level":20,"time":1712540684217,"pid":1441,"hostname":"fef35de8-678f-4122-a1ca-d77acb78664c","msg":"Skipping slash command botstats. Disabled!"}
{"level":20,"time":1712540684217,"pid":1441,"hostname":"fef35de8-678f-4122-a1ca-d77acb78664c","msg":"Skipping slash command channelinfo. Disabled!"}
{"level":20,"time":1712540684218,"pid":1441,"hostname":"fef35de8-678f-4122-a1ca-d77acb78664c","msg":"Skipping slash command emojiinfo. Disabled!"}
{"level":20,"time":1712540684224,"pid":1441,"hostname":"fef35de8-678f-4122-a1ca-d77acb78664c","msg":"Skipping slash command guildinfo. Disabled!"}
{"level":20,"time":1712540684224,"pid":1441,"hostname":"fef35de8-678f-4122-a1ca-d77acb78664c","msg":"Skipping slash command uptime. Disabled!"}
{"level":20,"time":1712540684224,"pid":1441,"hostname":"fef35de8-678f-4122-a1ca-d77acb78664c","msg":"Skipping slash command userinfo. Disabled!"}
{"level":20,"time":1712540684225,"pid":1441,"hostname":"fef35de8-678f-4122-a1ca-d77acb78664c","msg":"Skipping command bot. Disabled!"}
{"level":20,"time":1712540684225,"pid":1441,"hostname":"fef35de8-678f-4122-a1ca-d77acb78664c","msg":"Skipping command info. Disabled!"}
{"level":20,"time":1712540684229,"pid":1441,"hostname":"fef35de8-678f-4122-a1ca-d77acb78664c","msg":"Skipping slash command deafen. Disabled!"}
{"level":20,"time":1712540684230,"pid":1441,"hostname":"fef35de8-678f-4122-a1ca-d77acb78664c","msg":"Skipping slash command disconnect. Disabled!"}
{"level":20,"time":1712540684230,"pid":1441,"hostname":"fef35de8-678f-4122-a1ca-d77acb78664c","msg":"Skipping slash command move. Disabled!"}
{"level":20,"time":1712540684230,"pid":1441,"hostname":"fef35de8-678f-4122-a1ca-d77acb78664c","msg":"Skipping slash command purge. Disabled!"}
{"level":20,"time":1712540684231,"pid":1441,"hostname":"fef35de8-678f-4122-a1ca-d77acb78664c","msg":"Skipping slash command purgeattach. Disabled!"}
{"level":20,"time":1712540684231,"pid":1441,"hostname":"fef35de8-678f-4122-a1ca-d77acb78664c","msg":"Skipping slash command purgebots. Disabled!"}
{"level":20,"time":1712540684231,"pid":1441,"hostname":"fef35de8-678f-4122-a1ca-d77acb78664c","msg":"Skipping slash command purgelinks. Disabled!"}
{"level":20,"time":1712540684231,"pid":1441,"hostname":"fef35de8-678f-4122-a1ca-d77acb78664c","msg":"Skipping slash command purgetoken. Disabled!"}
{"level":20,"time":1712540684232,"pid":1441,"hostname":"fef35de8-678f-4122-a1ca-d77acb78664c","msg":"Skipping slash command purgeuser. Disabled!"}
{"level":20,"time":1712540684232,"pid":1441,"hostname":"fef35de8-678f-4122-a1ca-d77acb78664c","msg":"Skipping slash command undeafen. Disabled!"}
{"level":20,"time":1712540684232,"pid":1441,"hostname":"fef35de8-678f-4122-a1ca-d77acb78664c","msg":"Skipping slash command vmute. Disabled!"}
{"level":20,"time":1712540684233,"pid":1441,"hostname":"fef35de8-678f-4122-a1ca-d77acb78664c","msg":"Skipping slash command vunmute. Disabled!"}
{"level":20,"time":1712540684233,"pid":1441,"hostname":"fef35de8-678f-4122-a1ca-d77acb78664c","msg":"Skipping command purge. Disabled!"}
{"level":20,"time":1712540684234,"pid":1441,"hostname":"fef35de8-678f-4122-a1ca-d77acb78664c","msg":"Skipping command voice. Disabled!"}
{"level":20,"time":1712540684240,"pid":1441,"hostname":"fef35de8-678f-4122-a1ca-d77acb78664c","msg":"Skipping slash command eval. Disabled!"}
{"level":20,"time":1712540684240,"pid":1441,"hostname":"fef35de8-678f-4122-a1ca-d77acb78664c","msg":"Skipping slash command leaveserver. Disabled!"}
{"level":20,"time":1712540684241,"pid":1441,"hostname":"fef35de8-678f-4122-a1ca-d77acb78664c","msg":"Skipping slash command listservers. Disabled!"}
{"level":30,"time":1712540684274,"pid":1441,"hostname":"fef35de8-678f-4122-a1ca-d77acb78664c","msg":"Loaded 101 commands"}
{"level":30,"time":1712540684274,"pid":1441,"hostname":"fef35de8-678f-4122-a1ca-d77acb78664c","msg":"Loaded 88 slash commands"}
{"level":30,"time":1712540684274,"pid":1441,"hostname":"fef35de8-678f-4122-a1ca-d77acb78664c","msg":"Loading contexts..."}
{"level":30,"time":1712540684275,"pid":1441,"hostname":"fef35de8-678f-4122-a1ca-d77acb78664c","msg":"Loaded 1 USER contexts"}
{"level":30,"time":1712540684275,"pid":1441,"hostname":"fef35de8-678f-4122-a1ca-d77acb78664c","msg":"Loaded 0 MESSAGE contexts"}
{"level":30,"time":1712540684275,"pid":1441,"hostname":"fef35de8-678f-4122-a1ca-d77acb78664c","msg":"Loading events..."}
{"level":30,"time":1712540684296,"pid":1441,"hostname":"fef35de8-678f-4122-a1ca-d77acb78664c","msg":"Loaded 16 events. Success (16) Failed (0)"}
{"level":30,"time":1712540684601,"pid":1441,"hostname":"fef35de8-678f-4122-a1ca-d77acb78664c","msg":"VersionCheck: Your discord bot is up to date"}
{"level":30,"time":1712540684601,"pid":1441,"hostname":"fef35de8-678f-4122-a1ca-d77acb78664c","msg":"Connecting to MongoDb..."}
{"level":30,"time":1712540686705,"pid":1441,"hostname":"fef35de8-678f-4122-a1ca-d77acb78664c","msg":"Mongoose: Database connection established"}
{"level":30,"time":1712540687528,"pid":1441,"hostname":"fef35de8-678f-4122-a1ca-d77acb78664c","msg":"Logged in as ONHEIL#7192! (1222674847461543936)"}
{"level":20,"time":1712540687529,"pid":1441,"hostname":"fef35de8-678f-4122-a1ca-d77acb78664c","msg":"Node \"Local Node\" debug: connection: creating websocket..."}
{"level":30,"time":1712540687530,"pid":1441,"hostname":"fef35de8-678f-4122-a1ca-d77acb78664c","msg":"Music Manager initialized"}
{"level":30,"time":1712540687530,"pid":1441,"hostname":"fef35de8-678f-4122-a1ca-d77acb78664c","msg":"Initializing giveaways manager..."}
{"level":30,"time":1712540687971,"pid":1441,"hostname":"fef35de8-678f-4122-a1ca-d77acb78664c","msg":"Node \"Local Node\" connected"}
{"level":20,"time":1712540687971,"pid":1441,"hostname":"fef35de8-678f-4122-a1ca-d77acb78664c","msg":"Node \"Local Node\" debug: connection: connected in 441ms"}
{"level":20,"time":1712540687978,"pid":1441,"hostname":"fef35de8-678f-4122-a1ca-d77acb78664c","msg":"Node \"Local Node\" debug: connection: lavaclient <<< ready: {\"resumed\":false,\"sessionId\":\"51ttplwty7jbdqiv\",\"op\":\"ready\"}"}
{"level":20,"time":1712540688003,"pid":1441,"hostname":"fef35de8-678f-4122-a1ca-d77acb78664c","msg":"Node \"Local Node\" debug: connection: lavaclient <<< stats: {\"players\":21,\"playingPlayers\":14,\"uptime\":291275801,\"memory\":{\"free\":7093762232,\"used\":2259535688,\"allocated\":9353297920,\"reservable\":9462349824},\"cpu\":{\"cores\":8,\"systemLoad\":0.5249204665959704,\"lavalinkLoad\":0.1814354450681636},\"op\":\"stats\"}"}
{"level":30,"time":1712540688086,"pid":1441,"hostname":"fef35de8-678f-4122-a1ca-d77acb78664c","msg":"Successfully registered interactions"}
{"level":30,"time":1712540688265,"pid":1441,"hostname":"fef35de8-678f-4122-a1ca-d77acb78664c","msg":"Giveaway Manager initialized"}
{"level":20,"time":1712540747983,"pid":1441,"hostname":"fef35de8-678f-4122-a1ca-d77acb78664c","msg":"Node \"Local Node\" debug: connection: lavaclient <<< stats: {\"players\":20,\"playingPlayers\":13,\"uptime\":291335800,\"memory\":{\"free\":7861587880,\"used\":1491710040,\"allocated\":9353297920,\"reservable\":9462349824},\"cpu\":{\"cores\":8,\"systemLoad\":0.5919381557150746,\"lavalinkLoad\":0.16403402187120292},\"op\":\"stats\"}"}
{"level":20,"time":1712540807983,"pid":1441,"hostname":"fef35de8-678f-4122-a1ca-d77acb78664c","msg":"Node \"Local Node\" debug: connection: lavaclient <<< stats: {\"players\":19,\"playingPlayers\":12,\"uptime\":291395800,\"memory\":{\"free\":6057821512,\"used\":3295476408,\"allocated\":9353297920,\"reservable\":9462349824},\"cpu\":{\"cores\":8,\"systemLoad\":0.5827147401908802,\"lavalinkLoad\":0.16467369274422375},\"op\":\"stats\"}"}
{"level":20,"time":1712540867978,"pid":1441,"hostname":"fef35de8-678f-4122-a1ca-d77acb78664c","msg":"Node \"Local Node\" debug: connection: lavaclient <<< stats: {\"players\":19,\"playingPlayers\":12,\"uptime\":291455800,\"memory\":{\"free\":5503542576,\"used\":3849755344,\"allocated\":9353297920,\"reservable\":9462349824},\"cpu\":{\"cores\":8,\"systemLoad\":0.5140692640692641,\"lavalinkLoad\":0.16865883306320908},\"op\":\"stats\"}"}
{"level":20,"time":1712540927980,"pid":1441,"hostname":"fef35de8-678f-4122-a1ca-d77acb78664c","msg":"Node \"Local Node\" debug: connection: lavaclient <<< stats: {\"players\":18,\"playingPlayers\":11,\"uptime\":291515800,\"memory\":{\"free\":6056722440,\"used\":3296575480,\"allocated\":9353297920,\"reservable\":9462349824},\"cpu\":{\"cores\":8,\"systemLoad\":0.5024363833243097,\"lavalinkLoad\":0.16440712262242008},\"op\":\"stats\"}"}
{"level":20,"time":1712540987981,"pid":1441,"hostname":"fef35de8-678f-4122-a1ca-d77acb78664c","msg":"Node \"Local Node\" debug: connection: lavaclient <<< stats: {\"players\":22,\"playingPlayers\":15,\"uptime\":291575800,\"memory\":{\"free\":8085472952,\"used\":1267824968,\"allocated\":9353297920,\"reservable\":9462349824},\"cpu\":{\"cores\":8,\"systemLoad\":0.6240601503759399,\"lavalinkLoad\":0.17611336032388664},\"op\":\"stats\"}"}
{"level":20,"time":1712541047977,"pid":1441,"hostname":"fef35de8-678f-4122-a1ca-d77acb78664c","msg":"Node \"Local Node\" debug: connection: lavaclient <<< stats: {\"players\":18,\"playingPlayers\":11,\"uptime\":291635800,\"memory\":{\"free\":6966196688,\"used\":2387101232,\"allocated\":9353297920,\"reservable\":9462349824},\"cpu\":{\"cores\":8,\"systemLoad\":0.5412987012987013,\"lavalinkLoad\":0.16308752025931927},\"op\":\"stats\"}"}
{"level":20,"time":1712541107981,"pid":1441,"hostname":"fef35de8-678f-4122-a1ca-d77acb78664c","msg":"Node \"Local Node\" debug: connection: lavaclient <<< stats: {\"players\":20,\"playingPlayers\":13,\"uptime\":291695800,\"memory\":{\"free\":6113585024,\"used\":3239712896,\"allocated\":9353297920,\"reservable\":9462349824},\"cpu\":{\"cores\":8,\"systemLoad\":0.3872387238723872,\"lavalinkLoad\":0.17061563385986228},\"op\":\"stats\"}"}
{"level":20,"time":1712541167980,"pid":1441,"hostname":"fef35de8-678f-4122-a1ca-d77acb78664c","msg":"Node \"Local Node\" debug: connection: lavaclient <<< stats: {\"players\":21,\"playingPlayers\":14,\"uptime\":291755800,\"memory\":{\"free\":6213720656,\"used\":3139577264,\"allocated\":9353297920,\"reservable\":9462349824},\"cpu\":{\"cores\":8,\"systemLoad\":0.38289547233091115,\"lavalinkLoad\":0.17929497568881686},\"op\":\"stats\"}"}
{"level":20,"time":1712541227978,"pid":1441,"hostname":"fef35de8-678f-4122-a1ca-d77acb78664c","msg":"Node \"Local Node\" debug: connection: lavaclient <<< stats: {\"players\":21,\"playingPlayers\":14,\"uptime\":291815800,\"memory\":{\"free\":8540520376,\"used\":812777544,\"allocated\":9353297920,\"reservable\":9462349824},\"cpu\":{\"cores\":8,\"systemLoad\":0.3978794642857143,\"lavalinkLoad\":0.17611336032388664},\"op\":\"stats\"}"}
{"level":20,"time":1712541287980,"pid":1441,"hostname":"fef35de8-678f-4122-a1ca-d77acb78664c","msg":"Node \"Local Node\" debug: connection: lavaclient <<< stats: {\"players\":20,\"playingPlayers\":13,\"uptime\":291875800,\"memory\":{\"free\":8179457968,\"used\":1173839952,\"allocated\":9353297920,\"reservable\":9462349824},\"cpu\":{\"cores\":8,\"systemLoad\":0.4714364947310039,\"lavalinkLoad\":0.17510121457489877},\"op\":\"stats\"}"}
{"level":20,"time":1712541347981,"pid":1441,"hostname":"fef35de8-678f-4122-a1ca-d77acb78664c","msg":"Node \"Local Node\" debug: connection: lavaclient <<< stats: {\"players\":22,\"playingPlayers\":15,\"uptime\":291935800,\"memory\":{\"free\":8463628648,\"used\":889669272,\"allocated\":9353297920,\"reservable\":9462349824},\"cpu\":{\"cores\":8,\"systemLoad\":0.7415433403805497,\"lavalinkLoad\":0.15542729850141757},\"op\":\"stats\"}"}
{"level":20,"time":1712541407978,"pid":1441,"hostname":"fef35de8-678f-4122-a1ca-d77acb78664c","msg":"Node \"Local Node\" debug: connection: lavaclient <<< stats: {\"players\":23,\"playingPlayers\":16,\"uptime\":291995800,\"memory\":{\"free\":8379259336,\"used\":974038584,\"allocated\":9353297920,\"reservable\":9462349824},\"cpu\":{\"cores\":8,\"systemLoad\":0.5441734417344174,\"lavalinkLoad\":0.1908667476711219},\"op\":\"stats\"}"}
{"level":20,"time":1712541468029,"pid":1441,"hostname":"fef35de8-678f-4122-a1ca-d77acb78664c","msg":"Node \"Local Node\" debug: connection: lavaclient <<< stats: {\"players\":21,\"playingPlayers\":14,\"uptime\":292055850,\"memory\":{\"free\":8588606304,\"used\":764691616,\"allocated\":9353297920,\"reservable\":9462349824},\"cpu\":{\"cores\":8,\"systemLoad\":0.6372448979591837,\"lavalinkLoad\":0.1728247914183552},\"op\":\"stats\"}"}
{"level":20,"time":1712541527980,"pid":1441,"hostname":"fef35de8-678f-4122-a1ca-d77acb78664c","msg":"Node \"Local Node\" debug: connection: lavaclient <<< stats: {\"players\":20,\"playingPlayers\":13,\"uptime\":292115800,\"memory\":{\"free\":3958368256,\"used\":5394929664,\"allocated\":9353297920,\"reservable\":9462349824},\"cpu\":{\"cores\":8,\"systemLoad\":0.5307086614173229,\"lavalinkLoad\":0.17017828200972449},\"op\":\"stats\"}"}
{"level":20,"time":1712541587979,"pid":1441,"hostname":"fef35de8-678f-4122-a1ca-d77acb78664c","msg":"Node \"Local Node\" debug: connection: lavaclient <<< stats: {\"players\":18,\"playingPlayers\":11,\"uptime\":292175800,\"memory\":{\"free\":8563802816,\"used\":789495104,\"allocated\":9353297920,\"reservable\":9462349824},\"cpu\":{\"cores\":8,\"systemLoad\":0.5377551020408163,\"lavalinkLoad\":0.15688259109311742},\"op\":\"stats\"}"}
{"level":20,"time":1712541647982,"pid":1441,"hostname":"fef35de8-678f-4122-a1ca-d77acb78664c","msg":"Node \"Local Node\" debug: connection: lavaclient <<< stats: {\"players\":17,\"playingPlayers\":10,\"uptime\":292235800,\"memory\":{\"free\":7028534168,\"used\":2324763752,\"allocated\":9353297920,\"reservable\":9462349824},\"cpu\":{\"cores\":8,\"systemLoad\":0.5658291457286432,\"lavalinkLoad\":0.16287586738627602},\"op\":\"stats\"}"}
{"level":20,"time":1712541707981,"pid":1441,"hostname":"fef35de8-678f-4122-a1ca-d77acb78664c","msg":"Node \"Local Node\" debug: connection: lavaclient <<< stats: {\"players\":19,\"playingPlayers\":12,\"uptime\":292295800,\"memory\":{\"free\":7237202664,\"used\":2116095256,\"allocated\":9353297920,\"reservable\":9462349824},\"cpu\":{\"cores\":8,\"systemLoad\":0.5278058645096056,\"lavalinkLoad\":0.17912172573189522},\"op\":\"stats\"}"}
{"level":20,"time":1712541767980,"pid":1441,"hostname":"fef35de8-678f-4122-a1ca-d77acb78664c","msg":"Node \"Local Node\" debug: connection: lavaclient <<< stats: {\"players\":22,\"playingPlayers\":15,\"uptime\":292355800,\"memory\":{\"free\":6086719032,\"used\":3266578888,\"allocated\":9353297920,\"reservable\":9462349824},\"cpu\":{\"cores\":8,\"systemLoad\":0.4136874361593463,\"lavalinkLoad\":0.1871141975308642},\"op\":\"stats\"}"}
{"level":20,"time":1712541827977,"pid":1441,"hostname":"fef35de8-678f-4122-a1ca-d77acb78664c","msg":"Node \"Local Node\" debug: connection: lavaclient <<< stats: {\"players\":22,\"playingPlayers\":15,\"uptime\":292415800,\"memory\":{\"free\":5407282464,\"used\":3946015456,\"allocated\":9353297920,\"reservable\":9462349824},\"cpu\":{\"cores\":8,\"systemLoad\":0.4196242171189979,\"lavalinkLoad\":0.18229166666666666},\"op\":\"stats\"}"}
{"level":20,"time":1712541887978,"pid":1441,"hostname":"fef35de8-678f-4122-a1ca-d77acb78664c","msg":"Node \"Local Node\" debug: connection: lavaclient <<< stats: {\"players\":23,\"playingPlayers\":16,\"uptime\":292475800,\"memory\":{\"free\":4550911672,\"used\":4802386248,\"allocated\":9353297920,\"reservable\":9462349824},\"cpu\":{\"cores\":8,\"systemLoad\":0.4499494438827098,\"lavalinkLoad\":0.19579475308641975},\"op\":\"stats\"}"}
{"level":20,"time":1712541947977,"pid":1441,"hostname":"fef35de8-678f-4122-a1ca-d77acb78664c","msg":"Node \"Local Node\" debug: connection: lavaclient <<< stats: {\"players\":19,\"playingPlayers\":12,\"uptime\":292535800,\"memory\":{\"free\":7311447792,\"used\":2041850128,\"allocated\":9353297920,\"reservable\":9462349824},\"cpu\":{\"cores\":8,\"systemLoad\":0.5223260643821391,\"lavalinkLoad\":0.16878858024691357},\"op\":\"stats\"}"}
{"level":20,"time":1712542007978,"pid":1441,"hostname":"fef35de8-678f-4122-a1ca-d77acb78664c","msg":"Node \"Local Node\" debug: connection: lavaclient <<< stats: {\"players\":20,\"playingPlayers\":13,\"uptime\":292595800,\"memory\":{\"free\":7054838616,\"used\":2298459304,\"allocated\":9353297920,\"reservable\":9462349824},\"cpu\":{\"cores\":8,\"systemLoad\":0.5020120724346077,\"lavalinkLoad\":0.18132716049382716},\"op\":\"stats\"}"}
{"level":20,"time":1712542067982,"pid":1441,"hostname":"fef35de8-678f-4122-a1ca-d77acb78664c","msg":"Node \"Local Node\" debug: connection: lavaclient <<< stats: {\"players\":24,\"playingPlayers\":17,\"uptime\":292655800,\"memory\":{\"free\":6625279640,\"used\":2728018280,\"allocated\":9353297920,\"reservable\":9462349824},\"cpu\":{\"cores\":8,\"systemLoad\":0.581151832460733,\"lavalinkLoad\":0.18504240555127216},\"op\":\"stats\"}"}
{"level":20,"time":1712542127986,"pid":1441,"hostname":"fef35de8-678f-4122-a1ca-d77acb78664c","msg":"Node \"Local Node\" debug: connection: lavaclient <<< stats: {\"players\":27,\"playingPlayers\":20,\"uptime\":292715800,\"memory\":{\"free\":6271653104,\"used\":3081644816,\"allocated\":9353297920,\"reservable\":9462349824},\"cpu\":{\"cores\":8,\"systemLoad\":0.612410986775178,\"lavalinkLoad\":0.19036519036519037},\"op\":\"stats\"}"}
{"level":20,"time":1712542187979,"pid":1441,"hostname":"fef35de8-678f-4122-a1ca-d77acb78664c","msg":"Node \"Local Node\" debug: connection: lavaclient <<< stats: {\"players\":27,\"playingPlayers\":20,\"uptime\":292775800,\"memory\":{\"free\":8292750856,\"used\":1060547064,\"allocated\":9353297920,\"reservable\":9462349824},\"cpu\":{\"cores\":8,\"systemLoad\":0.5504322766570605,\"lavalinkLoad\":0.20964360587002095},\"op\":\"stats\"}"}
{"level":20,"time":1712542247978,"pid":1441,"hostname":"fef35de8-678f-4122-a1ca-d77acb78664c","msg":"Node \"Local Node\" debug: connection: lavaclient <<< stats: {\"players\":28,\"playingPlayers\":21,\"uptime\":292835800,\"memory\":{\"free\":8509289992,\"used\":844007928,\"allocated\":9353297920,\"reservable\":9462349824},\"cpu\":{\"cores\":8,\"systemLoad\":0.6065737051792829,\"lavalinkLoad\":0.2004626060138782},\"op\":\"stats\"}"}
{"level":30,"time":1712542283359,"pid":1441,"hostname":"fef35de8-678f-4122-a1ca-d77acb78664c","msg":"Validating config file and environment variables"}
{"level":30,"time":1712542283380,"pid":1441,"hostname":"fef35de8-678f-4122-a1ca-d77acb78664c","msg":"Loading commands..."}
{"level":20,"time":1712542283404,"pid":1441,"hostname":"fef35de8-678f-4122-a1ca-d77acb78664c","msg":"Skipping command notification-remove. Disabled!"}
{"level":20,"time":1712542283405,"pid":1441,"hostname":"fef35de8-678f-4122-a1ca-d77acb78664c","msg":"Skipping command notification-setup. Disabled!"}
{"level":20,"time":1712542283405,"pid":1441,"hostname":"fef35de8-678f-4122-a1ca-d77acb78664c","msg":"Skipping command announce-dev. Disabled!"}
{"level":20,"time":1712542283406,"pid":1441,"hostname":"fef35de8-678f-4122-a1ca-d77acb78664c","msg":"Skipping command announce. Disabled!"}
{"level":20,"time":1712542283425,"pid":1441,"hostname":"fef35de8-678f-4122-a1ca-d77acb78664c","msg":"Skipping command saying. Disabled!"}
{"level":20,"time":1712542283427,"pid":1441,"hostname":"fef35de8-678f-4122-a1ca-d77acb78664c","msg":"Skipping Command bank. Category ECONOMY is disabled"}
{"level":20,"time":1712542283428,"pid":1441,"hostname":"fef35de8-678f-4122-a1ca-d77acb78664c","msg":"Skipping Command beg. Category ECONOMY is disabled"}
{"level":20,"time":1712542283428,"pid":1441,"hostname":"fef35de8-678f-4122-a1ca-d77acb78664c","msg":"Skipping Command daily. Category ECONOMY is disabled"}
{"level":20,"time":1712542283428,"pid":1441,"hostname":"fef35de8-678f-4122-a1ca-d77acb78664c","msg":"Skipping Command gamble. Category ECONOMY is disabled"}
{"level":20,"time":1712542283430,"pid":1441,"hostname":"fef35de8-678f-4122-a1ca-d77acb78664c","msg":"Skipping command say. Disabled!"}
{"level":20,"time":1712542283569,"pid":1441,"hostname":"fef35de8-678f-4122-a1ca-d77acb78664c","msg":"Skipping slash command avatar. Disabled!"}
{"level":20,"time":1712542283569,"pid":1441,"hostname":"fef35de8-678f-4122-a1ca-d77acb78664c","msg":"Skipping slash command botinvite. Disabled!"}
{"level":20,"time":1712542283569,"pid":1441,"hostname":"fef35de8-678f-4122-a1ca-d77acb78664c","msg":"Skipping slash command botstats. Disabled!"}
{"level":20,"time":1712542283570,"pid":1441,"hostname":"fef35de8-678f-4122-a1ca-d77acb78664c","msg":"Skipping slash command channelinfo. Disabled!"}
{"level":20,"time":1712542283570,"pid":1441,"hostname":"fef35de8-678f-4122-a1ca-d77acb78664c","msg":"Skipping slash command emojiinfo. Disabled!"}
{"level":20,"time":1712542283576,"pid":1441,"hostname":"fef35de8-678f-4122-a1ca-d77acb78664c","msg":"Skipping slash command guildinfo. Disabled!"}
{"level":20,"time":1712542283576,"pid":1441,"hostname":"fef35de8-678f-4122-a1ca-d77acb78664c","msg":"Skipping slash command uptime. Disabled!"}
{"level":20,"time":1712542283576,"pid":1441,"hostname":"fef35de8-678f-4122-a1ca-d77acb78664c","msg":"Skipping slash command userinfo. Disabled!"}
{"level":20,"time":1712542283577,"pid":1441,"hostname":"fef35de8-678f-4122-a1ca-d77acb78664c","msg":"Skipping command bot. Disabled!"}
{"level":20,"time":1712542283577,"pid":1441,"hostname":"fef35de8-678f-4122-a1ca-d77acb78664c","msg":"Skipping command info. Disabled!"}
{"level":20,"time":1712542283581,"pid":1441,"hostname":"fef35de8-678f-4122-a1ca-d77acb78664c","msg":"Skipping slash command deafen. Disabled!"}
{"level":20,"time":1712542283581,"pid":1441,"hostname":"fef35de8-678f-4122-a1ca-d77acb78664c","msg":"Skipping slash command disconnect. Disabled!"}
{"level":20,"time":1712542283581,"pid":1441,"hostname":"fef35de8-678f-4122-a1ca-d77acb78664c","msg":"Skipping slash command move. Disabled!"}
{"level":20,"time":1712542283582,"pid":1441,"hostname":"fef35de8-678f-4122-a1ca-d77acb78664c","msg":"Skipping slash command purge. Disabled!"}
{"level":20,"time":1712542283582,"pid":1441,"hostname":"fef35de8-678f-4122-a1ca-d77acb78664c","msg":"Skipping slash command purgeattach. Disabled!"}
{"level":20,"time":1712542283582,"pid":1441,"hostname":"fef35de8-678f-4122-a1ca-d77acb78664c","msg":"Skipping slash command purgebots. Disabled!"}
{"level":20,"time":1712542283582,"pid":1441,"hostname":"fef35de8-678f-4122-a1ca-d77acb78664c","msg":"Skipping slash command purgelinks. Disabled!"}
{"level":20,"time":1712542283583,"pid":1441,"hostname":"fef35de8-678f-4122-a1ca-d77acb78664c","msg":"Skipping slash command purgetoken. Disabled!"}
{"level":20,"time":1712542283583,"pid":1441,"hostname":"fef35de8-678f-4122-a1ca-d77acb78664c","msg":"Skipping slash command purgeuser. Disabled!"}
{"level":20,"time":1712542283583,"pid":1441,"hostname":"fef35de8-678f-4122-a1ca-d77acb78664c","msg":"Skipping slash command undeafen. Disabled!"}
{"level":20,"time":1712542283583,"pid":1441,"hostname":"fef35de8-678f-4122-a1ca-d77acb78664c","msg":"Skipping slash command vmute. Disabled!"}
{"level":20,"time":1712542283584,"pid":1441,"hostname":"fef35de8-678f-4122-a1ca-d77acb78664c","msg":"Skipping slash command vunmute. Disabled!"}
{"level":20,"time":1712542283584,"pid":1441,"hostname":"fef35de8-678f-4122-a1ca-d77acb78664c","msg":"Skipping command purge. Disabled!"}
{"level":20,"time":1712542283585,"pid":1441,"hostname":"fef35de8-678f-4122-a1ca-d77acb78664c","msg":"Skipping command voice. Disabled!"}
{"level":20,"time":1712542283590,"pid":1441,"hostname":"fef35de8-678f-4122-a1ca-d77acb78664c","msg":"Skipping slash command eval. Disabled!"}
{"level":20,"time":1712542283591,"pid":1441,"hostname":"fef35de8-678f-4122-a1ca-d77acb78664c","msg":"Skipping slash command leaveserver. Disabled!"}
{"level":20,"time":1712542283591,"pid":1441,"hostname":"fef35de8-678f-4122-a1ca-d77acb78664c","msg":"Skipping slash command listservers. Disabled!"}
{"level":30,"time":1712542283598,"pid":1441,"hostname":"fef35de8-678f-4122-a1ca-d77acb78664c","msg":"Loaded 101 commands"}
{"level":30,"time":1712542283598,"pid":1441,"hostname":"fef35de8-678f-4122-a1ca-d77acb78664c","msg":"Loaded 88 slash commands"}
{"level":30,"time":1712542283598,"pid":1441,"hostname":"fef35de8-678f-4122-a1ca-d77acb78664c","msg":"Loading contexts..."}
{"level":30,"time":1712542283599,"pid":1441,"hostname":"fef35de8-678f-4122-a1ca-d77acb78664c","msg":"Loaded 1 USER contexts"}
{"level":30,"time":1712542283599,"pid":1441,"hostname":"fef35de8-678f-4122-a1ca-d77acb78664c","msg":"Loaded 0 MESSAGE contexts"}
{"level":30,"time":1712542283599,"pid":1441,"hostname":"fef35de8-678f-4122-a1ca-d77acb78664c","msg":"Loading events..."}
{"level":30,"time":1712542283620,"pid":1441,"hostname":"fef35de8-678f-4122-a1ca-d77acb78664c","msg":"Loaded 16 events. Success (16) Failed (0)"}
{"level":30,"time":1712542283888,"pid":1441,"hostname":"fef35de8-678f-4122-a1ca-d77acb78664c","msg":"VersionCheck: Your discord bot is up to date"}
{"level":30,"time":1712542283888,"pid":1441,"hostname":"fef35de8-678f-4122-a1ca-d77acb78664c","msg":"Connecting to MongoDb..."}
{"level":30,"time":1712542285971,"pid":1441,"hostname":"fef35de8-678f-4122-a1ca-d77acb78664c","msg":"Mongoose: Database connection established"}
{"level":30,"time":1712542286614,"pid":1441,"hostname":"fef35de8-678f-4122-a1ca-d77acb78664c","msg":"Logged in as ONHEIL#7192! (1222674847461543936)"}
{"level":20,"time":1712542286615,"pid":1441,"hostname":"fef35de8-678f-4122-a1ca-d77acb78664c","msg":"Node \"Local Node\" debug: connection: creating websocket..."}
{"level":30,"time":1712542286616,"pid":1441,"hostname":"fef35de8-678f-4122-a1ca-d77acb78664c","msg":"Music Manager initialized"}
{"level":30,"time":1712542286616,"pid":1441,"hostname":"fef35de8-678f-4122-a1ca-d77acb78664c","msg":"Initializing giveaways manager..."}
{"level":30,"time":1712542287046,"pid":1441,"hostname":"fef35de8-678f-4122-a1ca-d77acb78664c","msg":"Node \"Local Node\" connected"}
{"level":20,"time":1712542287046,"pid":1441,"hostname":"fef35de8-678f-4122-a1ca-d77acb78664c","msg":"Node \"Local Node\" debug: connection: connected in 430ms"}
{"level":20,"time":1712542287050,"pid":1441,"hostname":"fef35de8-678f-4122-a1ca-d77acb78664c","msg":"Node \"Local Node\" debug: connection: lavaclient <<< ready: {\"resumed\":false,\"sessionId\":\"v6r6q22ajv8gulhr\",\"op\":\"ready\"}"}
{"level":20,"time":1712542287053,"pid":1441,"hostname":"fef35de8-678f-4122-a1ca-d77acb78664c","msg":"Node \"Local Node\" debug: connection: lavaclient <<< stats: {\"players\":27,\"playingPlayers\":20,\"uptime\":292874873,\"memory\":{\"free\":7329220144,\"used\":2024077776,\"allocated\":9353297920,\"reservable\":9462349824},\"cpu\":{\"cores\":8,\"systemLoad\":0.5722974841028476,\"lavalinkLoad\":0.20213487837978913},\"op\":\"stats\"}"}
{"level":30,"time":1712542287061,"pid":1441,"hostname":"fef35de8-678f-4122-a1ca-d77acb78664c","msg":"Successfully registered interactions"}
{"level":30,"time":1712542287530,"pid":1441,"hostname":"fef35de8-678f-4122-a1ca-d77acb78664c","msg":"Giveaway Manager initialized"}
{"level":20,"time":1712542347052,"pid":1441,"hostname":"fef35de8-678f-4122-a1ca-d77acb78664c","msg":"Node \"Local Node\" debug: connection: lavaclient <<< stats: {\"players\":29,\"playingPlayers\":22,\"uptime\":292934870,\"memory\":{\"free\":7043761064,\"used\":2309536856,\"allocated\":9353297920,\"reservable\":9462349824},\"cpu\":{\"cores\":8,\"systemLoad\":0.5696382796923953,\"lavalinkLoad\":0.2072674115067349},\"op\":\"stats\"}"}
{"level":20,"time":1712542407047,"pid":1441,"hostname":"fef35de8-678f-4122-a1ca-d77acb78664c","msg":"Node \"Local Node\" debug: connection: lavaclient <<< stats: {\"players\":28,\"playingPlayers\":21,\"uptime\":292994870,\"memory\":{\"free\":5801816144,\"used\":3551481776,\"allocated\":9353297920,\"reservable\":9462349824},\"cpu\":{\"cores\":8,\"systemLoad\":0.4357927344410025,\"lavalinkLoad\":0.1986737677527151},\"op\":\"stats\"}"}
{"level":20,"time":1712542467050,"pid":1441,"hostname":"fef35de8-678f-4122-a1ca-d77acb78664c","msg":"Node \"Local Node\" debug: connection: lavaclient <<< stats: {\"players\":26,\"playingPlayers\":19,\"uptime\":293054870,\"memory\":{\"free\":4371681880,\"used\":4981616040,\"allocated\":9353297920,\"reservable\":9462349824},\"cpu\":{\"cores\":8,\"systemLoad\":0.43291995490417134,\"lavalinkLoad\":0.19490861618798955},\"op\":\"stats\"}"}
{"level":20,"time":1712542527052,"pid":1441,"hostname":"fef35de8-678f-4122-a1ca-d77acb78664c","msg":"Node \"Local Node\" debug: connection: lavaclient <<< stats: {\"players\":26,\"playingPlayers\":19,\"uptime\":293114872,\"memory\":{\"free\":8358947864,\"used\":994350056,\"allocated\":9353297920,\"reservable\":9462349824},\"cpu\":{\"cores\":8,\"systemLoad\":0.43497509684560043,\"lavalinkLoad\":0.1937832759160664},\"op\":\"stats\"}"}
{"level":20,"time":1712542587049,"pid":1441,"hostname":"fef35de8-678f-4122-a1ca-d77acb78664c","msg":"Node \"Local Node\" debug: connection: lavaclient <<< stats: {\"players\":25,\"playingPlayers\":18,\"uptime\":293174870,\"memory\":{\"free\":8153234272,\"used\":1200063648,\"allocated\":9353297920,\"reservable\":9462349824},\"cpu\":{\"cores\":8,\"systemLoad\":0.5827358357936173,\"lavalinkLoad\":0.18597306326999374},\"op\":\"stats\"}"}
{"level":20,"time":1712542647050,"pid":1441,"hostname":"fef35de8-678f-4122-a1ca-d77acb78664c","msg":"Node \"Local Node\" debug: connection: lavaclient <<< stats: {\"players\":21,\"playingPlayers\":14,\"uptime\":293234870,\"memory\":{\"free\":3065623672,\"used\":6287674248,\"allocated\":9353297920,\"reservable\":9462349824},\"cpu\":{\"cores\":8,\"systemLoad\":0.6475159589231196,\"lavalinkLoad\":0.17269736842105263},\"op\":\"stats\"}"}
{"level":20,"time":1712542707049,"pid":1441,"hostname":"fef35de8-678f-4122-a1ca-d77acb78664c","msg":"Node \"Local Node\" debug: connection: lavaclient <<< stats: {\"players\":23,\"playingPlayers\":16,\"uptime\":293294870,\"memory\":{\"free\":8517534496,\"used\":835763424,\"allocated\":9353297920,\"reservable\":9462349824},\"cpu\":{\"cores\":8,\"systemLoad\":0.5014912654452492,\"lavalinkLoad\":0.18485639686684074},\"op\":\"stats\"}"}
{"level":20,"time":1712542767049,"pid":1441,"hostname":"fef35de8-678f-4122-a1ca-d77acb78664c","msg":"Node \"Local Node\" debug: connection: lavaclient <<< stats: {\"players\":26,\"playingPlayers\":18,\"uptime\":293354870,\"memory\":{\"free\":4411500376,\"used\":4941797544,\"allocated\":9353297920,\"reservable\":9462349824},\"cpu\":{\"cores\":8,\"systemLoad\":0.6445252412250035,\"lavalinkLoad\":0.18330896177146438},\"op\":\"stats\"}"}
{"level":20,"time":1712542827051,"pid":1441,"hostname":"fef35de8-678f-4122-a1ca-d77acb78664c","msg":"Node \"Local Node\" debug: connection: lavaclient <<< stats: {\"players\":26,\"playingPlayers\":18,\"uptime\":293414870,\"memory\":{\"free\":5056121944,\"used\":4297175976,\"allocated\":9353297920,\"reservable\":9462349824},\"cpu\":{\"cores\":8,\"systemLoad\":0.6396001643160345,\"lavalinkLoad\":0.18338206118826356},\"op\":\"stats\"}"}
{"level":20,"time":1712542887051,"pid":1441,"hostname":"fef35de8-678f-4122-a1ca-d77acb78664c","msg":"Node \"Local Node\" debug: connection: lavaclient <<< stats: {\"players\":25,\"playingPlayers\":16,\"uptime\":293474870,\"memory\":{\"free\":7945162384,\"used\":1408135536,\"allocated\":9353297920,\"reservable\":9462349824},\"cpu\":{\"cores\":8,\"systemLoad\":0.5544651619234544,\"lavalinkLoad\":0.1890142021720969},\"op\":\"stats\"}"}
{"level":20,"time":1712542947049,"pid":1441,"hostname":"fef35de8-678f-4122-a1ca-d77acb78664c","msg":"Node \"Local Node\" debug: connection: lavaclient <<< stats: {\"players\":27,\"playingPlayers\":19,\"uptime\":293534870,\"memory\":{\"free\":7415947360,\"used\":1937350560,\"allocated\":9353297920,\"reservable\":9462349824},\"cpu\":{\"cores\":8,\"systemLoad\":0.5476693423461484,\"lavalinkLoad\":0.1901890142021721},\"op\":\"stats\"}"}
{"level":20,"time":1712543007048,"pid":1441,"hostname":"fef35de8-678f-4122-a1ca-d77acb78664c","msg":"Node \"Local Node\" debug: connection: lavaclient <<< stats: {\"players\":24,\"playingPlayers\":16,\"uptime\":293594870,\"memory\":{\"free\":7206251304,\"used\":2147046616,\"allocated\":9353297920,\"reservable\":9462349824},\"cpu\":{\"cores\":8,\"systemLoad\":0.5581198986771743,\"lavalinkLoad\":0.18568887958991526},\"op\":\"stats\"}"}
{"level":20,"time":1712543067051,"pid":1441,"hostname":"fef35de8-678f-4122-a1ca-d77acb78664c","msg":"Node \"Local Node\" debug: connection: lavaclient <<< stats: {\"players\":26,\"playingPlayers\":19,\"uptime\":293654870,\"memory\":{\"free\":3627249616,\"used\":5726048304,\"allocated\":9353297920,\"reservable\":9462349824},\"cpu\":{\"cores\":8,\"systemLoad\":0.4428511176718684,\"lavalinkLoad\":0.1972172914273781},\"op\":\"stats\"}"}
{"level":20,"time":1712543127050,"pid":1441,"hostname":"fef35de8-678f-4122-a1ca-d77acb78664c","msg":"Node \"Local Node\" debug: connection: lavaclient <<< stats: {\"players\":26,\"playingPlayers\":19,\"uptime\":293714870,\"memory\":{\"free\":8386782392,\"used\":966515528,\"allocated\":9353297920,\"reservable\":9462349824},\"cpu\":{\"cores\":8,\"systemLoad\":0.427796803652968,\"lavalinkLoad\":0.197911227154047},\"op\":\"stats\"}"}
{"level":20,"time":1712543187049,"pid":1441,"hostname":"fef35de8-678f-4122-a1ca-d77acb78664c","msg":"Node \"Local Node\" debug: connection: lavaclient <<< stats: {\"players\":24,\"playingPlayers\":17,\"uptime\":293774870,\"memory\":{\"free\":7572593928,\"used\":1780703992,\"allocated\":9353297920,\"reservable\":9462349824},\"cpu\":{\"cores\":8,\"systemLoad\":0.4199655765920826,\"lavalinkLoad\":0.1933420365535248},\"op\":\"stats\"}"}
{"level":20,"time":1712543247055,"pid":1441,"hostname":"fef35de8-678f-4122-a1ca-d77acb78664c","msg":"Node \"Local Node\" debug: connection: lavaclient <<< stats: {\"players\":24,\"playingPlayers\":17,\"uptime\":293834870,\"memory\":{\"free\":7605744056,\"used\":1747553864,\"allocated\":9353297920,\"reservable\":9462349824},\"cpu\":{\"cores\":8,\"systemLoad\":0.5709792122538293,\"lavalinkLoad\":0.1863977877491391},\"op\":\"stats\"}"}
{"level":20,"time":1712543307050,"pid":1441,"hostname":"fef35de8-678f-4122-a1ca-d77acb78664c","msg":"Node \"Local Node\" debug: connection: lavaclient <<< stats: {\"players\":29,\"playingPlayers\":22,\"uptime\":293894871,\"memory\":{\"free\":7985469920,\"used\":1367828000,\"allocated\":9353297920,\"reservable\":9462349824},\"cpu\":{\"cores\":8,\"systemLoad\":0.6971704623878537,\"lavalinkLoad\":0.1876892555079879},\"op\":\"stats\"}"}
{"level":20,"time":1712543367049,"pid":1441,"hostname":"fef35de8-678f-4122-a1ca-d77acb78664c","msg":"Node \"Local Node\" debug: connection: lavaclient <<< stats: {\"players\":34,\"playingPlayers\":27,\"uptime\":293954870,\"memory\":{\"free\":3836452408,\"used\":5516845512,\"allocated\":9353297920,\"reservable\":9462349824},\"cpu\":{\"cores\":8,\"systemLoad\":0.542967079948696,\"lavalinkLoad\":0.22154046997389035},\"op\":\"stats\"}"}
{"level":20,"time":1712543427046,"pid":1441,"hostname":"fef35de8-678f-4122-a1ca-d77acb78664c","msg":"Node \"Local Node\" debug: connection: lavaclient <<< stats: {\"players\":30,\"playingPlayers\":22,\"uptime\":294014870,\"memory\":{\"free\":8206578368,\"used\":1146719552,\"allocated\":9353297920,\"reservable\":9462349824},\"cpu\":{\"cores\":8,\"systemLoad\":0.5801259622113366,\"lavalinkLoad\":0.1990653717627402},\"op\":\"stats\"}"}
{"level":20,"time":1712543487051,"pid":1441,"hostname":"fef35de8-678f-4122-a1ca-d77acb78664c","msg":"Node \"Local Node\" debug: connection: lavaclient <<< stats: {\"players\":28,\"playingPlayers\":21,\"uptime\":294074870,\"memory\":{\"free\":8420207344,\"used\":933090576,\"allocated\":9353297920,\"reservable\":9462349824},\"cpu\":{\"cores\":8,\"systemLoad\":0.5084650902476564,\"lavalinkLoad\":0.19435736677115986},\"op\":\"stats\"}"}
{"level":20,"time":1712543547052,"pid":1441,"hostname":"fef35de8-678f-4122-a1ca-d77acb78664c","msg":"Node \"Local Node\" debug: connection: lavaclient <<< stats: {\"players\":29,\"playingPlayers\":22,\"uptime\":294134871,\"memory\":{\"free\":7979249040,\"used\":1374048880,\"allocated\":9353297920,\"reservable\":9462349824},\"cpu\":{\"cores\":8,\"systemLoad\":0.6332450146423093,\"lavalinkLoad\":0.20078801795219706},\"op\":\"stats\"}"}
{"level":20,"time":1712543607050,"pid":1441,"hostname":"fef35de8-678f-4122-a1ca-d77acb78664c","msg":"Node \"Local Node\" debug: connection: lavaclient <<< stats: {\"players\":25,\"playingPlayers\":18,\"uptime\":294194870,\"memory\":{\"free\":7223500048,\"used\":2129797872,\"allocated\":9353297920,\"reservable\":9462349824},\"cpu\":{\"cores\":8,\"systemLoad\":0.5634104541559555,\"lavalinkLoad\":0.18781977654797954},\"op\":\"stats\"}"}
{"level":20,"time":1712543667048,"pid":1441,"hostname":"fef35de8-678f-4122-a1ca-d77acb78664c","msg":"Node \"Local Node\" debug: connection: lavaclient <<< stats: {\"players\":25,\"playingPlayers\":18,\"uptime\":294254871,\"memory\":{\"free\":8157869648,\"used\":1195428272,\"allocated\":9353297920,\"reservable\":9462349824},\"cpu\":{\"cores\":8,\"systemLoad\":0.5574206182682893,\"lavalinkLoad\":0.18949676341616203},\"op\":\"stats\"}"}
{"level":20,"time":1712543727047,"pid":1441,"hostname":"fef35de8-678f-4122-a1ca-d77acb78664c","msg":"Node \"Local Node\" debug: connection: lavaclient <<< stats: {\"players\":25,\"playingPlayers\":18,\"uptime\":294314870,\"memory\":{\"free\":6299022248,\"used\":3054275672,\"allocated\":9353297920,\"reservable\":9462349824},\"cpu\":{\"cores\":8,\"systemLoad\":0.5691902384914033,\"lavalinkLoad\":0.185359231411863},\"op\":\"stats\"}"}
{"level":20,"time":1712543787047,"pid":1441,"hostname":"fef35de8-678f-4122-a1ca-d77acb78664c","msg":"Node \"Local Node\" debug: connection: lavaclient <<< stats: {\"players\":24,\"playingPlayers\":17,\"uptime\":294374870,\"memory\":{\"free\":5597785832,\"used\":3755512088,\"allocated\":9353297920,\"reservable\":9462349824},\"cpu\":{\"cores\":8,\"systemLoad\":0.402610587382161,\"lavalinkLoad\":0.18810045948203843},\"op\":\"stats\"}"}
{"level":20,"time":1712543847048,"pid":1441,"hostname":"fef35de8-678f-4122-a1ca-d77acb78664c","msg":"Node \"Local Node\" debug: connection: lavaclient <<< stats: {\"players\":24,\"playingPlayers\":17,\"uptime\":294434870,\"memory\":{\"free\":4481109440,\"used\":4872188480,\"allocated\":9353297920,\"reservable\":9462349824},\"cpu\":{\"cores\":8,\"systemLoad\":0.5895585738539898,\"lavalinkLoad\":0.1850595113802464},\"op\":\"stats\"}"}
{"level":20,"time":1712543907047,"pid":1441,"hostname":"fef35de8-678f-4122-a1ca-d77acb78664c","msg":"Node \"Local Node\" debug: connection: lavaclient <<< stats: {\"players\":27,\"playingPlayers\":20,\"uptime\":294494870,\"memory\":{\"free\":6312550760,\"used\":3040747160,\"allocated\":9353297920,\"reservable\":9462349824},\"cpu\":{\"cores\":8,\"systemLoad\":0.5244039270687237,\"lavalinkLoad\":0.2053739293921036},\"op\":\"stats\"}"}
{"level":20,"time":1712543967048,"pid":1441,"hostname":"fef35de8-678f-4122-a1ca-d77acb78664c","msg":"Node \"Local Node\" debug: connection: lavaclient <<< stats: {\"players\":27,\"playingPlayers\":20,\"uptime\":294554870,\"memory\":{\"free\":4143100288,\"used\":5210197632,\"allocated\":9353297920,\"reservable\":9462349824},\"cpu\":{\"cores\":8,\"systemLoad\":0.5848950260673524,\"lavalinkLoad\":0.19908616187989556},\"op\":\"stats\"}"}
{"level":20,"time":1712544027520,"pid":1441,"hostname":"fef35de8-678f-4122-a1ca-d77acb78664c","msg":"Node \"Local Node\" debug: connection: lavaclient <<< stats: {\"players\":28,\"playingPlayers\":20,\"uptime\":294615343,\"memory\":{\"free\":8554958072,\"used\":798339848,\"allocated\":9353297920,\"reservable\":9462349824},\"cpu\":{\"cores\":8,\"systemLoad\":0.5702956989247312,\"lavalinkLoad\":0.1816281847133758},\"op\":\"stats\"}"}
{"level":20,"time":1712544087048,"pid":1441,"hostname":"fef35de8-678f-4122-a1ca-d77acb78664c","msg":"Node \"Local Node\" debug: connection: lavaclient <<< stats: {\"players\":26,\"playingPlayers\":18,\"uptime\":294674870,\"memory\":{\"free\":6923142816,\"used\":2505652576,\"allocated\":9428795392,\"reservable\":9462349824},\"cpu\":{\"cores\":8,\"systemLoad\":0.544950213371266,\"lavalinkLoad\":0.1947373916675368},\"op\":\"stats\"}"}
{"level":20,"time":1712544147051,"pid":1441,"hostname":"fef35de8-678f-4122-a1ca-d77acb78664c","msg":"Node \"Local Node\" debug: connection: lavaclient <<< stats: {\"players\":24,\"playingPlayers\":16,\"uptime\":294734871,\"memory\":{\"free\":5454743144,\"used\":3974052248,\"allocated\":9428795392,\"reservable\":9462349824},\"cpu\":{\"cores\":8,\"systemLoad\":0.49534424379232506,\"lavalinkLoad\":0.18897473376487783},\"op\":\"stats\"}"}
{"level":20,"time":1712544207046,"pid":1441,"hostname":"fef35de8-678f-4122-a1ca-d77acb78664c","msg":"Node \"Local Node\" debug: connection: lavaclient <<< stats: {\"players\":23,\"playingPlayers\":14,\"uptime\":294794870,\"memory\":{\"free\":6909152640,\"used\":2519642752,\"allocated\":9428795392,\"reservable\":9462349824},\"cpu\":{\"cores\":8,\"systemLoad\":0.5333146696528556,\"lavalinkLoad\":0.17754569190600522},\"op\":\"stats\"}"}
{"level":20,"time":1712544267045,"pid":1441,"hostname":"fef35de8-678f-4122-a1ca-d77acb78664c","msg":"Node \"Local Node\" debug: connection: lavaclient <<< stats: {\"players\":25,\"playingPlayers\":17,\"uptime\":294854870,\"memory\":{\"free\":5679521272,\"used\":3749274120,\"allocated\":9428795392,\"reservable\":9462349824},\"cpu\":{\"cores\":8,\"systemLoad\":0.5755937988906272,\"lavalinkLoad\":0.19449665831244778},\"op\":\"stats\"}"}
{"level":20,"time":1712544327056,"pid":1441,"hostname":"fef35de8-678f-4122-a1ca-d77acb78664c","msg":"Node \"Local Node\" debug: connection: lavaclient <<< stats: {\"players\":26,\"playingPlayers\":18,\"uptime\":294914870,\"memory\":{\"free\":3397012880,\"used\":6031782512,\"allocated\":9428795392,\"reservable\":9462349824},\"cpu\":{\"cores\":8,\"systemLoad\":0.5866185452526375,\"lavalinkLoad\":0.18977759214785422},\"op\":\"stats\"}"}
{"level":20,"time":1712544387047,"pid":1441,"hostname":"fef35de8-678f-4122-a1ca-d77acb78664c","msg":"Node \"Local Node\" debug: connection: lavaclient <<< stats: {\"players\":25,\"playingPlayers\":17,\"uptime\":294974870,\"memory\":{\"free\":8304036344,\"used\":1124759048,\"allocated\":9428795392,\"reservable\":9462349824},\"cpu\":{\"cores\":8,\"systemLoad\":0.5758329876952855,\"lavalinkLoad\":0.19046997389033943},\"op\":\"stats\"}"}
{"level":20,"time":1712544447046,"pid":1441,"hostname":"fef35de8-678f-4122-a1ca-d77acb78664c","msg":"Node \"Local Node\" debug: connection: lavaclient <<< stats: {\"players\":28,\"playingPlayers\":20,\"uptime\":295034870,\"memory\":{\"free\":7304094504,\"used\":2124700888,\"allocated\":9428795392,\"reservable\":9462349824},\"cpu\":{\"cores\":8,\"systemLoad\":0.5406611800809039,\"lavalinkLoad\":0.20034979638717762},\"op\":\"stats\"}"}
{"level":20,"time":1712544507045,"pid":1441,"hostname":"fef35de8-678f-4122-a1ca-d77acb78664c","msg":"Node \"Local Node\" debug: connection: lavaclient <<< stats: {\"players\":27,\"playingPlayers\":19,\"uptime\":295094870,\"memory\":{\"free\":7424588624,\"used\":2004206768,\"allocated\":9428795392,\"reservable\":9462349824},\"cpu\":{\"cores\":8,\"systemLoad\":0.6051973318510283,\"lavalinkLoad\":0.19971804511278196},\"op\":\"stats\"}"}
{"level":20,"time":1712544567047,"pid":1441,"hostname":"fef35de8-678f-4122-a1ca-d77acb78664c","msg":"Node \"Local Node\" debug: connection: lavaclient <<< stats: {\"players\":25,\"playingPlayers\":18,\"uptime\":295154870,\"memory\":{\"free\":6996757752,\"used\":2432037640,\"allocated\":9428795392,\"reservable\":9462349824},\"cpu\":{\"cores\":8,\"systemLoad\":0.4852730912210466,\"lavalinkLoad\":0.18873342382792105},\"op\":\"stats\"}"}
{"level":20,"time":1712544627049,"pid":1441,"hostname":"fef35de8-678f-4122-a1ca-d77acb78664c","msg":"Node \"Local Node\" debug: connection: lavaclient <<< stats: {\"players\":28,\"playingPlayers\":21,\"uptime\":295214870,\"memory\":{\"free\":7066656104,\"used\":2362139288,\"allocated\":9428795392,\"reservable\":9462349824},\"cpu\":{\"cores\":8,\"systemLoad\":0.5932960893854748,\"lavalinkLoad\":0.19971804511278196},\"op\":\"stats\"}"}
{"level":20,"time":1712544687048,"pid":1441,"hostname":"fef35de8-678f-4122-a1ca-d77acb78664c","msg":"Node \"Local Node\" debug: connection: lavaclient <<< stats: {\"players\":27,\"playingPlayers\":20,\"uptime\":295274870,\"memory\":{\"free\":6840182376,\"used\":2588613016,\"allocated\":9428795392,\"reservable\":9462349824},\"cpu\":{\"cores\":8,\"systemLoad\":0.6134386293668853,\"lavalinkLoad\":0.19179548777940256},\"op\":\"stats\"}"}
{"level":20,"time":1712544747045,"pid":1441,"hostname":"fef35de8-678f-4122-a1ca-d77acb78664c","msg":"Node \"Local Node\" debug: connection: lavaclient <<< stats: {\"players\":25,\"playingPlayers\":18,\"uptime\":295334870,\"memory\":{\"free\":6956655760,\"used\":2472139632,\"allocated\":9428795392,\"reservable\":9462349824},\"cpu\":{\"cores\":8,\"systemLoad\":0.5150267599835323,\"lavalinkLoad\":0.19253863826232248},\"op\":\"stats\"}"}
{"level":20,"time":1712544807049,"pid":1441,"hostname":"fef35de8-678f-4122-a1ca-d77acb78664c","msg":"Node \"Local Node\" debug: connection: lavaclient <<< stats: {\"players\":25,\"playingPlayers\":18,\"uptime\":295394870,\"memory\":{\"free\":7488813848,\"used\":1939981544,\"allocated\":9428795392,\"reservable\":9462349824},\"cpu\":{\"cores\":8,\"systemLoad\":0.5218869528261794,\"lavalinkLoad\":0.19593253968253968},\"op\":\"stats\"}"}
{"level":20,"time":1712544867048,"pid":1441,"hostname":"fef35de8-678f-4122-a1ca-d77acb78664c","msg":"Node \"Local Node\" debug: connection: lavaclient <<< stats: {\"players\":29,\"playingPlayers\":22,\"uptime\":295454870,\"memory\":{\"free\":7478212984,\"used\":1950582408,\"allocated\":9428795392,\"reservable\":9462349824},\"cpu\":{\"cores\":8,\"systemLoad\":0.5772681954137587,\"lavalinkLoad\":0.21183564790644252},\"op\":\"stats\"}"}
{"level":20,"time":1712544927048,"pid":1441,"hostname":"fef35de8-678f-4122-a1ca-d77acb78664c","msg":"Node \"Local Node\" debug: connection: lavaclient <<< stats: {\"players\":27,\"playingPlayers\":20,\"uptime\":295514870,\"memory\":{\"free\":7276377696,\"used\":2152417696,\"allocated\":9428795392,\"reservable\":9462349824},\"cpu\":{\"cores\":8,\"systemLoad\":0.5537776540976763,\"lavalinkLoad\":0.19729969706466102},\"op\":\"stats\"}"}
{"level":20,"time":1712544987047,"pid":1441,"hostname":"fef35de8-678f-4122-a1ca-d77acb78664c","msg":"Node \"Local Node\" debug: connection: lavaclient <<< stats: {\"players\":26,\"playingPlayers\":19,\"uptime\":295574872,\"memory\":{\"free\":8240783872,\"used\":1188011520,\"allocated\":9428795392,\"reservable\":9462349824},\"cpu\":{\"cores\":8,\"systemLoad\":0.5942415730337078,\"lavalinkLoad\":0.19130389393464872},\"op\":\"stats\"}"}
{"level":20,"time":1712545047082,"pid":1441,"hostname":"fef35de8-678f-4122-a1ca-d77acb78664c","msg":"Node \"Local Node\" debug: connection: lavaclient <<< stats: {\"players\":24,\"playingPlayers\":17,\"uptime\":295634904,\"memory\":{\"free\":8617991672,\"used\":810803720,\"allocated\":9428795392,\"reservable\":9462349824},\"cpu\":{\"cores\":8,\"systemLoad\":0.5336051743532059,\"lavalinkLoad\":0.18756503642039543},\"op\":\"stats\"}"}
{"level":20,"time":1712545107046,"pid":1441,"hostname":"fef35de8-678f-4122-a1ca-d77acb78664c","msg":"Node \"Local Node\" debug: connection: lavaclient <<< stats: {\"players\":23,\"playingPlayers\":16,\"uptime\":295694870,\"memory\":{\"free\":5375918696,\"used\":4052876696,\"allocated\":9428795392,\"reservable\":9462349824},\"cpu\":{\"cores\":8,\"systemLoad\":0.5082489146164978,\"lavalinkLoad\":0.18381201044386422},\"op\":\"stats\"}"}
{"level":20,"time":1712545167050,"pid":1441,"hostname":"fef35de8-678f-4122-a1ca-d77acb78664c","msg":"Node \"Local Node\" debug: connection: lavaclient <<< stats: {\"players\":25,\"playingPlayers\":18,\"uptime\":295754870,\"memory\":{\"free\":3818746624,\"used\":5610048768,\"allocated\":9428795392,\"reservable\":9462349824},\"cpu\":{\"cores\":8,\"systemLoad\":0.5569584338204001,\"lavalinkLoad\":0.19223741908540404},\"op\":\"stats\"}"}
{"level":20,"time":1712545227047,"pid":1441,"hostname":"fef35de8-678f-4122-a1ca-d77acb78664c","msg":"Node \"Local Node\" debug: connection: lavaclient <<< stats: {\"players\":23,\"playingPlayers\":16,\"uptime\":295814870,\"memory\":{\"free\":8134178624,\"used\":1294616768,\"allocated\":9428795392,\"reservable\":9462349824},\"cpu\":{\"cores\":8,\"systemLoad\":0.45819397993311034,\"lavalinkLoad\":0.18810679611650485},\"op\":\"stats\"}"}
{"level":20,"time":1712545287046,"pid":1441,"hostname":"fef35de8-678f-4122-a1ca-d77acb78664c","msg":"Node \"Local Node\" debug: connection: lavaclient <<< stats: {\"players\":24,\"playingPlayers\":17,\"uptime\":295874870,\"memory\":{\"free\":8510990864,\"used\":917804528,\"allocated\":9428795392,\"reservable\":9462349824},\"cpu\":{\"cores\":8,\"systemLoad\":0.5510996119016818,\"lavalinkLoad\":0.19330832526621491},\"op\":\"stats\"}"}
{"level":20,"time":1712545347052,"pid":1441,"hostname":"fef35de8-678f-4122-a1ca-d77acb78664c","msg":"Node \"Local Node\" debug: connection: lavaclient <<< stats: {\"players\":22,\"playingPlayers\":15,\"uptime\":295934870,\"memory\":{\"free\":8569947752,\"used\":858847640,\"allocated\":9428795392,\"reservable\":9462349824},\"cpu\":{\"cores\":8,\"systemLoad\":0.5782335428382401,\"lavalinkLoad\":0.17481248487781273},\"op\":\"stats\"}"}
{"level":20,"time":1712545407048,"pid":1441,"hostname":"fef35de8-678f-4122-a1ca-d77acb78664c","msg":"Node \"Local Node\" debug: connection: lavaclient <<< stats: {\"players\":23,\"playingPlayers\":16,\"uptime\":295994870,\"memory\":{\"free\":7852319584,\"used\":1576475808,\"allocated\":9428795392,\"reservable\":9462349824},\"cpu\":{\"cores\":8,\"systemLoad\":0.5209024552090246,\"lavalinkLoad\":0.17991049830672473},\"op\":\"stats\"}"}
{"level":20,"time":1712545467052,"pid":1441,"hostname":"fef35de8-678f-4122-a1ca-d77acb78664c","msg":"Node \"Local Node\" debug: connection: lavaclient <<< stats: {\"players\":26,\"playingPlayers\":19,\"uptime\":296054875,\"memory\":{\"free\":6588099384,\"used\":2840696008,\"allocated\":9428795392,\"reservable\":9462349824},\"cpu\":{\"cores\":8,\"systemLoad\":0.617515923566879,\"lavalinkLoad\":0.18538647342995168},\"op\":\"stats\"}"}
{"level":20,"time":1712545527046,"pid":1441,"hostname":"fef35de8-678f-4122-a1ca-d77acb78664c","msg":"Node \"Local Node\" debug: connection: lavaclient <<< stats: {\"players\":24,\"playingPlayers\":17,\"uptime\":296114870,\"memory\":{\"free\":8555087568,\"used\":873707824,\"allocated\":9428795392,\"reservable\":9462349824},\"cpu\":{\"cores\":8,\"systemLoad\":0.573481384715872,\"lavalinkLoad\":0.18928398645379776},\"op\":\"stats\"}"}
{"level":20,"time":1712545587044,"pid":1441,"hostname":"fef35de8-678f-4122-a1ca-d77acb78664c","msg":"Node \"Local Node\" debug: connection: lavaclient <<< stats: {\"players\":22,\"playingPlayers\":15,\"uptime\":296174870,\"memory\":{\"free\":7758493280,\"used\":1670302112,\"allocated\":9428795392,\"reservable\":9462349824},\"cpu\":{\"cores\":8,\"systemLoad\":0.4763281532345501,\"lavalinkLoad\":0.16237830319888735},\"op\":\"stats\"}"}
{"level":30,"time":1712545677046,"pid":1441,"hostname":"fef35de8-678f-4122-a1ca-d77acb78664c","msg":"Node \"Local Node\" disconnected"}
{"level":20,"time":1712545677046,"pid":1441,"hostname":"fef35de8-678f-4122-a1ca-d77acb78664c","msg":"Node \"Local Node\" debug: connection: unable to reconnect"}
